{"/Users/nic/Downloads/nestarr-temp/EinVault/src/hooks.server.ts": {"path":"/Users/nic/Downloads/nestarr-temp/EinVault/src/hooks.server.ts","statementMap":{"0":{"start":{"line":26,"column":0},"end":{"line":26,"column":null}},"1":{"start":{"line":27,"column":0},"end":{"line":27,"column":null}},"2":{"start":{"line":28,"column":0},"end":{"line":28,"column":null}},"3":{"start":{"line":29,"column":0},"end":{"line":29,"column":null}},"4":{"start":{"line":30,"column":0},"end":{"line":30,"column":null}},"5":{"start":{"line":31,"column":0},"end":{"line":31,"column":null}},"6":{"start":{"line":32,"column":0},"end":{"line":32,"column":null}},"7":{"start":{"line":33,"column":0},"end":{"line":33,"column":null}},"8":{"start":{"line":34,"column":0},"end":{"line":34,"column":null}},"9":{"start":{"line":38,"column":0},"end":{"line":38,"column":null}},"10":{"start":{"line":39,"column":0},"end":{"line":39,"column":null}},"11":{"start":{"line":42,"column":0},"end":{"line":44,"column":null}},"12":{"start":{"line":43,"column":1},"end":{"line":43,"column":null}},"13":{"start":{"line":43,"column":37},"end":{"line":43,"column":78}},"14":{"start":{"line":46,"column":0},"end":{"line":55,"column":null}},"15":{"start":{"line":47,"column":1},"end":{"line":54,"column":null}},"16":{"start":{"line":49,"column":3},"end":{"line":52,"column":null}},"17":{"start":{"line":50,"column":4},"end":{"line":50,"column":null}},"18":{"start":{"line":51,"column":4},"end":{"line":51,"column":null}},"19":{"start":{"line":54,"column":18},"end":{"line":54,"column":65}},"20":{"start":{"line":62,"column":6},"end":{"line":69,"column":null}},"21":{"start":{"line":63,"column":1},"end":{"line":63,"column":null}},"22":{"start":{"line":63,"column":17},"end":{"line":63,"column":null}},"23":{"start":{"line":64,"column":1},"end":{"line":68,"column":null}},"24":{"start":{"line":65,"column":2},"end":{"line":65,"column":null}},"25":{"start":{"line":67,"column":2},"end":{"line":67,"column":null}},"26":{"start":{"line":72,"column":51},"end":{"line":75,"column":null}},"27":{"start":{"line":78,"column":14},"end":{"line":78,"column":null}},"28":{"start":{"line":79,"column":1},"end":{"line":91,"column":null}},"29":{"start":{"line":80,"column":18},"end":{"line":80,"column":null}},"30":{"start":{"line":81,"column":2},"end":{"line":90,"column":null}},"31":{"start":{"line":84,"column":3},"end":{"line":87,"column":null}},"32":{"start":{"line":86,"column":22},"end":{"line":86,"column":null}},"33":{"start":{"line":89,"column":3},"end":{"line":89,"column":null}},"34":{"start":{"line":92,"column":1},"end":{"line":92,"column":null}},"35":{"start":{"line":95,"column":32},"end":{"line":127,"column":null}},"36":{"start":{"line":96,"column":18},"end":{"line":96,"column":null}},"37":{"start":{"line":98,"column":1},"end":{"line":98,"column":null}},"38":{"start":{"line":99,"column":1},"end":{"line":99,"column":null}},"39":{"start":{"line":100,"column":1},"end":{"line":100,"column":null}},"40":{"start":{"line":101,"column":1},"end":{"line":101,"column":null}},"41":{"start":{"line":107,"column":21},"end":{"line":107,"column":null}},"42":{"start":{"line":108,"column":1},"end":{"line":113,"column":null}},"43":{"start":{"line":109,"column":2},"end":{"line":112,"column":null}},"44":{"start":{"line":115,"column":1},"end":{"line":120,"column":null}},"45":{"start":{"line":116,"column":14},"end":{"line":116,"column":null}},"46":{"start":{"line":117,"column":2},"end":{"line":119,"column":null}},"47":{"start":{"line":118,"column":3},"end":{"line":118,"column":null}},"48":{"start":{"line":122,"column":1},"end":{"line":124,"column":null}},"49":{"start":{"line":123,"column":2},"end":{"line":123,"column":null}},"50":{"start":{"line":126,"column":1},"end":{"line":126,"column":null}},"51":{"start":{"line":130,"column":20},"end":{"line":136,"column":null}},"52":{"start":{"line":138,"column":28},"end":{"line":144,"column":null}},"53":{"start":{"line":139,"column":17},"end":{"line":139,"column":null}},"54":{"start":{"line":139,"column":41},"end":{"line":139,"column":73}},"55":{"start":{"line":140,"column":27},"end":{"line":140,"column":null}},"56":{"start":{"line":141,"column":1},"end":{"line":141,"column":null}},"57":{"start":{"line":142,"column":1},"end":{"line":142,"column":null}},"58":{"start":{"line":143,"column":1},"end":{"line":143,"column":null}},"59":{"start":{"line":146,"column":29},"end":{"line":175,"column":null}},"60":{"start":{"line":147,"column":1},"end":{"line":162,"column":null}},"61":{"start":{"line":148,"column":2},"end":{"line":150,"column":null}},"62":{"start":{"line":149,"column":3},"end":{"line":149,"column":null}},"63":{"start":{"line":151,"column":2},"end":{"line":157,"column":null}},"64":{"start":{"line":158,"column":18},"end":{"line":158,"column":null}},"65":{"start":{"line":160,"column":3},"end":{"line":160,"column":null}},"66":{"start":{"line":161,"column":2},"end":{"line":161,"column":null}},"67":{"start":{"line":166,"column":18},"end":{"line":166,"column":null}},"68":{"start":{"line":167,"column":1},"end":{"line":173,"column":null}},"69":{"start":{"line":168,"column":13},"end":{"line":168,"column":null}},"70":{"start":{"line":169,"column":2},"end":{"line":172,"column":null}},"71":{"start":{"line":170,"column":3},"end":{"line":170,"column":null}},"72":{"start":{"line":171,"column":3},"end":{"line":171,"column":null}},"73":{"start":{"line":174,"column":1},"end":{"line":174,"column":null}},"74":{"start":{"line":177,"column":29},"end":{"line":206,"column":null}},"75":{"start":{"line":181,"column":19},"end":{"line":181,"column":null}},"76":{"start":{"line":182,"column":22},"end":{"line":182,"column":null}},"77":{"start":{"line":183,"column":16},"end":{"line":187,"column":null}},"78":{"start":{"line":189,"column":1},"end":{"line":189,"column":null}},"79":{"start":{"line":192,"column":17},"end":{"line":192,"column":null}},"80":{"start":{"line":192,"column":41},"end":{"line":192,"column":73}},"81":{"start":{"line":193,"column":1},"end":{"line":201,"column":null}},"82":{"start":{"line":194,"column":2},"end":{"line":200,"column":null}},"83":{"start":{"line":203,"column":1},"end":{"line":205,"column":null}},"84":{"start":{"line":204,"column":36},"end":{"line":204,"column":null}},"85":{"start":{"line":208,"column":13},"end":{"line":208,"column":null}}},"fnMap":{"0":{"name":"(anonymous_0)","decl":{"start":{"line":43,"column":22},"end":{"line":43,"column":29}},"loc":{"start":{"line":43,"column":37},"end":{"line":43,"column":78}},"line":43},"1":{"name":"(anonymous_1)","decl":{"start":{"line":48,"column":20},"end":{"line":48,"column":37}},"loc":{"start":{"line":48,"column":90},"end":{"line":53,"column":3}},"line":48},"2":{"name":"(anonymous_2)","decl":{"start":{"line":49,"column":30},"end":{"line":49,"column":41}},"loc":{"start":{"line":49,"column":41},"end":{"line":52,"column":4}},"line":49},"3":{"name":"(anonymous_3)","decl":{"start":{"line":54,"column":3},"end":{"line":54,"column":10}},"loc":{"start":{"line":54,"column":18},"end":{"line":54,"column":65}},"line":54},"4":{"name":"(anonymous_4)","decl":{"start":{"line":62,"column":6},"end":{"line":62,"column":46}},"loc":{"start":{"line":62,"column":46},"end":{"line":69,"column":3}},"line":62},"5":{"name":"injectAssetOrigin","decl":{"start":{"line":77,"column":9},"end":{"line":77,"column":27}},"loc":{"start":{"line":77,"column":64},"end":{"line":93,"column":null}},"line":77},"6":{"name":"(anonymous_6)","decl":{"start":{"line":85,"column":45},"end":{"line":85,"column":null}},"loc":{"start":{"line":86,"column":22},"end":{"line":86,"column":null}},"line":86},"7":{"name":"(anonymous_7)","decl":{"start":{"line":95,"column":32},"end":{"line":95,"column":39}},"loc":{"start":{"line":95,"column":62},"end":{"line":127,"column":null}},"line":95},"8":{"name":"(anonymous_8)","decl":{"start":{"line":138,"column":28},"end":{"line":138,"column":35}},"loc":{"start":{"line":138,"column":58},"end":{"line":144,"column":null}},"line":138},"9":{"name":"(anonymous_9)","decl":{"start":{"line":139,"column":29},"end":{"line":139,"column":35}},"loc":{"start":{"line":139,"column":41},"end":{"line":139,"column":73}},"line":139},"10":{"name":"(anonymous_10)","decl":{"start":{"line":146,"column":29},"end":{"line":146,"column":36}},"loc":{"start":{"line":146,"column":59},"end":{"line":175,"column":null}},"line":146},"11":{"name":"(anonymous_11)","decl":{"start":{"line":177,"column":29},"end":{"line":177,"column":36}},"loc":{"start":{"line":177,"column":59},"end":{"line":206,"column":null}},"line":177},"12":{"name":"(anonymous_12)","decl":{"start":{"line":192,"column":29},"end":{"line":192,"column":35}},"loc":{"start":{"line":192,"column":41},"end":{"line":192,"column":73}},"line":192},"13":{"name":"(anonymous_13)","decl":{"start":{"line":204,"column":2},"end":{"line":204,"column":23}},"loc":{"start":{"line":204,"column":36},"end":{"line":204,"column":null}},"line":204}},"branchMap":{"0":{"loc":{"start":{"line":42,"column":0},"end":{"line":44,"column":null}},"type":"if","locations":[{"start":{"line":42,"column":0},"end":{"line":44,"column":null}},{"start":{},"end":{}}],"line":42},"1":{"loc":{"start":{"line":46,"column":0},"end":{"line":55,"column":null}},"type":"if","locations":[{"start":{"line":46,"column":0},"end":{"line":55,"column":null}},{"start":{},"end":{}}],"line":46},"2":{"loc":{"start":{"line":63,"column":1},"end":{"line":63,"column":null}},"type":"if","locations":[{"start":{"line":63,"column":1},"end":{"line":63,"column":null}},{"start":{},"end":{}}],"line":63},"3":{"loc":{"start":{"line":81,"column":2},"end":{"line":90,"column":null}},"type":"if","locations":[{"start":{"line":81,"column":2},"end":{"line":90,"column":null}},{"start":{"line":88,"column":9},"end":{"line":90,"column":null}}],"line":81},"4":{"loc":{"start":{"line":107,"column":21},"end":{"line":107,"column":null}},"type":"binary-expr","locations":[{"start":{"line":107,"column":21},"end":{"line":107,"column":61}},{"start":{"line":107,"column":61},"end":{"line":107,"column":null}}],"line":107},"5":{"loc":{"start":{"line":108,"column":1},"end":{"line":113,"column":null}},"type":"if","locations":[{"start":{"line":108,"column":1},"end":{"line":113,"column":null}},{"start":{},"end":{}}],"line":108},"6":{"loc":{"start":{"line":108,"column":5},"end":{"line":108,"column":94}},"type":"binary-expr","locations":[{"start":{"line":108,"column":5},"end":{"line":108,"column":44}},{"start":{"line":108,"column":44},"end":{"line":108,"column":94}}],"line":108},"7":{"loc":{"start":{"line":115,"column":1},"end":{"line":120,"column":null}},"type":"if","locations":[{"start":{"line":115,"column":1},"end":{"line":120,"column":null}},{"start":{},"end":{}}],"line":115},"8":{"loc":{"start":{"line":117,"column":2},"end":{"line":119,"column":null}},"type":"if","locations":[{"start":{"line":117,"column":2},"end":{"line":119,"column":null}},{"start":{},"end":{}}],"line":117},"9":{"loc":{"start":{"line":122,"column":1},"end":{"line":124,"column":null}},"type":"if","locations":[{"start":{"line":122,"column":1},"end":{"line":124,"column":null}},{"start":{},"end":{}}],"line":122},"10":{"loc":{"start":{"line":147,"column":1},"end":{"line":162,"column":null}},"type":"if","locations":[{"start":{"line":147,"column":1},"end":{"line":162,"column":null}},{"start":{},"end":{}}],"line":147},"11":{"loc":{"start":{"line":147,"column":5},"end":{"line":147,"column":82}},"type":"binary-expr","locations":[{"start":{"line":147,"column":5},"end":{"line":147,"column":18}},{"start":{"line":147,"column":5},"end":{"line":147,"column":82}}],"line":147},"12":{"loc":{"start":{"line":148,"column":2},"end":{"line":150,"column":null}},"type":"if","locations":[{"start":{"line":148,"column":2},"end":{"line":150,"column":null}},{"start":{},"end":{}}],"line":148},"13":{"loc":{"start":{"line":160,"column":3},"end":{"line":160,"column":null}},"type":"cond-expr","locations":[{"start":{"line":160,"column":38},"end":{"line":160,"column":92}},{"start":{"line":160,"column":92},"end":{"line":160,"column":null}}],"line":160},"14":{"loc":{"start":{"line":160,"column":3},"end":{"line":160,"column":38}},"type":"binary-expr","locations":[{"start":{"line":160,"column":3},"end":{"line":160,"column":14}},{"start":{"line":160,"column":14},"end":{"line":160,"column":38}}],"line":160},"15":{"loc":{"start":{"line":167,"column":1},"end":{"line":173,"column":null}},"type":"if","locations":[{"start":{"line":167,"column":1},"end":{"line":173,"column":null}},{"start":{},"end":{}}],"line":167},"16":{"loc":{"start":{"line":168,"column":13},"end":{"line":168,"column":null}},"type":"binary-expr","locations":[{"start":{"line":168,"column":13},"end":{"line":168,"column":53}},{"start":{"line":168,"column":53},"end":{"line":168,"column":null}}],"line":168},"17":{"loc":{"start":{"line":169,"column":2},"end":{"line":172,"column":null}},"type":"if","locations":[{"start":{"line":169,"column":2},"end":{"line":172,"column":null}},{"start":{},"end":{}}],"line":169},"18":{"loc":{"start":{"line":182,"column":22},"end":{"line":182,"column":null}},"type":"cond-expr","locations":[{"start":{"line":182,"column":22},"end":{"line":182,"column":61}},{"start":{"line":182,"column":61},"end":{"line":182,"column":null}}],"line":182},"19":{"loc":{"start":{"line":183,"column":16},"end":{"line":187,"column":null}},"type":"cond-expr","locations":[{"start":{"line":184,"column":5},"end":{"line":184,"column":null}},{"start":{"line":185,"column":5},"end":{"line":187,"column":null}}],"line":183},"20":{"loc":{"start":{"line":184,"column":5},"end":{"line":184,"column":null}},"type":"binary-expr","locations":[{"start":{"line":184,"column":5},"end":{"line":184,"column":21}},{"start":{"line":184,"column":5},"end":{"line":184,"column":null}}],"line":184},"21":{"loc":{"start":{"line":185,"column":5},"end":{"line":187,"column":null}},"type":"binary-expr","locations":[{"start":{"line":185,"column":5},"end":{"line":185,"column":null}},{"start":{"line":186,"column":3},"end":{"line":186,"column":null}},{"start":{"line":186,"column":3},"end":{"line":187,"column":null}}],"line":185},"22":{"loc":{"start":{"line":193,"column":1},"end":{"line":201,"column":null}},"type":"if","locations":[{"start":{"line":193,"column":1},"end":{"line":201,"column":null}},{"start":{},"end":{}}],"line":193},"23":{"loc":{"start":{"line":193,"column":5},"end":{"line":193,"column":66}},"type":"binary-expr","locations":[{"start":{"line":193,"column":5},"end":{"line":193,"column":17}},{"start":{"line":193,"column":17},"end":{"line":193,"column":66}}],"line":193}},"s":{"0":0,"1":0,"2":0,"3":0,"4":0,"5":0,"6":0,"7":0,"8":0,"9":0,"10":0,"11":0,"12":0,"13":0,"14":0,"15":0,"16":0,"17":0,"18":0,"19":0,"20":0,"21":0,"22":0,"23":0,"24":0,"25":0,"26":0,"27":0,"28":0,"29":0,"30":0,"31":0,"32":0,"33":0,"34":0,"35":0,"36":0,"37":0,"38":0,"39":0,"40":0,"41":0,"42":0,"43":0,"44":0,"45":0,"46":0,"47":0,"48":0,"49":0,"50":0,"51":0,"52":0,"53":0,"54":0,"55":0,"56":0,"57":0,"58":0,"59":0,"60":0,"61":0,"62":0,"63":0,"64":0,"65":0,"66":0,"67":0,"68":0,"69":0,"70":0,"71":0,"72":0,"73":0,"74":0,"75":0,"76":0,"77":0,"78":0,"79":0,"80":0,"81":0,"82":0,"83":0,"84":0,"85":0},"f":{"0":0,"1":0,"2":0,"3":0,"4":0,"5":0,"6":0,"7":0,"8":0,"9":0,"10":0,"11":0,"12":0,"13":0},"b":{"0":[0,0],"1":[0,0],"2":[0,0],"3":[0,0],"4":[0,0],"5":[0,0],"6":[0,0],"7":[0,0],"8":[0,0],"9":[0,0],"10":[0,0],"11":[0,0],"12":[0,0],"13":[0,0],"14":[0,0],"15":[0,0],"16":[0,0],"17":[0,0],"18":[0,0],"19":[0,0],"20":[0,0],"21":[0,0,0],"22":[0,0],"23":[0,0]},"meta":{"lastBranch":24,"lastFunction":14,"lastStatement":86,"seen":{"s:26:0:26:Infinity":0,"s:27:0:27:Infinity":1,"s:28:0:28:Infinity":2,"s:29:0:29:Infinity":3,"s:30:0:30:Infinity":4,"s:31:0:31:Infinity":5,"s:32:0:32:Infinity":6,"s:33:0:33:Infinity":7,"s:34:0:34:Infinity":8,"s:38:0:38:Infinity":9,"s:39:0:39:Infinity":10,"b:42:0:44:Infinity:undefined:undefined:undefined:undefined":0,"s:42:0:44:Infinity":11,"s:43:1:43:Infinity":12,"f:43:22:43:29":0,"s:43:37:43:78":13,"b:46:0:55:Infinity:undefined:undefined:undefined:undefined":1,"s:46:0:55:Infinity":14,"s:47:1:54:Infinity":15,"f:48:20:48:37":1,"s:49:3:52:Infinity":16,"f:49:30:49:41":2,"s:50:4:50:Infinity":17,"s:51:4:51:Infinity":18,"f:54:3:54:10":3,"s:54:18:54:65":19,"s:62:6:69:Infinity":20,"f:62:6:62:46":4,"b:63:1:63:Infinity:undefined:undefined:undefined:undefined":2,"s:63:1:63:Infinity":21,"s:63:17:63:Infinity":22,"s:64:1:68:Infinity":23,"s:65:2:65:Infinity":24,"s:67:2:67:Infinity":25,"s:72:51:75:Infinity":26,"f:77:9:77:27":5,"s:78:14:78:Infinity":27,"s:79:1:91:Infinity":28,"s:80:18:80:Infinity":29,"b:81:2:90:Infinity:88:9:90:Infinity":3,"s:81:2:90:Infinity":30,"s:84:3:87:Infinity":31,"f:85:45:85:Infinity":6,"s:86:22:86:Infinity":32,"s:89:3:89:Infinity":33,"s:92:1:92:Infinity":34,"s:95:32:127:Infinity":35,"f:95:32:95:39":7,"s:96:18:96:Infinity":36,"s:98:1:98:Infinity":37,"s:99:1:99:Infinity":38,"s:100:1:100:Infinity":39,"s:101:1:101:Infinity":40,"s:107:21:107:Infinity":41,"b:107:21:107:61:107:61:107:Infinity":4,"b:108:1:113:Infinity:undefined:undefined:undefined:undefined":5,"s:108:1:113:Infinity":42,"b:108:5:108:44:108:44:108:94":6,"s:109:2:112:Infinity":43,"b:115:1:120:Infinity:undefined:undefined:undefined:undefined":7,"s:115:1:120:Infinity":44,"s:116:14:116:Infinity":45,"b:117:2:119:Infinity:undefined:undefined:undefined:undefined":8,"s:117:2:119:Infinity":46,"s:118:3:118:Infinity":47,"b:122:1:124:Infinity:undefined:undefined:undefined:undefined":9,"s:122:1:124:Infinity":48,"s:123:2:123:Infinity":49,"s:126:1:126:Infinity":50,"s:130:20:136:Infinity":51,"s:138:28:144:Infinity":52,"f:138:28:138:35":8,"s:139:17:139:Infinity":53,"f:139:29:139:35":9,"s:139:41:139:73":54,"s:140:27:140:Infinity":55,"s:141:1:141:Infinity":56,"s:142:1:142:Infinity":57,"s:143:1:143:Infinity":58,"s:146:29:175:Infinity":59,"f:146:29:146:36":10,"b:147:1:162:Infinity:undefined:undefined:undefined:undefined":10,"s:147:1:162:Infinity":60,"b:147:5:147:18:147:5:147:82":11,"b:148:2:150:Infinity:undefined:undefined:undefined:undefined":12,"s:148:2:150:Infinity":61,"s:149:3:149:Infinity":62,"s:151:2:157:Infinity":63,"s:158:18:158:Infinity":64,"s:160:3:160:Infinity":65,"b:160:38:160:92:160:92:160:Infinity":13,"b:160:3:160:14:160:14:160:38":14,"s:161:2:161:Infinity":66,"s:166:18:166:Infinity":67,"b:167:1:173:Infinity:undefined:undefined:undefined:undefined":15,"s:167:1:173:Infinity":68,"s:168:13:168:Infinity":69,"b:168:13:168:53:168:53:168:Infinity":16,"b:169:2:172:Infinity:undefined:undefined:undefined:undefined":17,"s:169:2:172:Infinity":70,"s:170:3:170:Infinity":71,"s:171:3:171:Infinity":72,"s:174:1:174:Infinity":73,"s:177:29:206:Infinity":74,"f:177:29:177:36":11,"s:181:19:181:Infinity":75,"s:182:22:182:Infinity":76,"b:182:22:182:61:182:61:182:Infinity":18,"s:183:16:187:Infinity":77,"b:184:5:184:Infinity:185:5:187:Infinity":19,"b:184:5:184:21:184:5:184:Infinity":20,"b:185:5:185:Infinity:186:3:186:Infinity:186:3:187:Infinity":21,"s:189:1:189:Infinity":78,"s:192:17:192:Infinity":79,"f:192:29:192:35":12,"s:192:41:192:73":80,"b:193:1:201:Infinity:undefined:undefined:undefined:undefined":22,"s:193:1:201:Infinity":81,"b:193:5:193:17:193:17:193:66":23,"s:194:2:200:Infinity":82,"s:203:1:205:Infinity":83,"f:204:2:204:23":13,"s:204:36:204:Infinity":84,"s:208:13:208:Infinity":85},"fnNames":{}}}
,"/Users/nic/Downloads/nestarr-temp/EinVault/src/lib/avatarCache.svelte.ts": {"path":"/Users/nic/Downloads/nestarr-temp/EinVault/src/lib/avatarCache.svelte.ts","statementMap":{"0":{"start":{"line":1,"column":13},"end":{"line":1,"column":null}},"1":{"start":{"line":4,"column":1},"end":{"line":4,"column":null}},"2":{"start":{"line":7,"column":13},"end":{"line":7,"column":null}},"3":{"start":{"line":10,"column":1},"end":{"line":10,"column":null}}},"fnMap":{"0":{"name":"bustAvatarCache","decl":{"start":{"line":3,"column":16},"end":{"line":3,"column":32}},"loc":{"start":{"line":3,"column":53},"end":{"line":5,"column":null}},"line":3},"1":{"name":"bustUserAvatarCache","decl":{"start":{"line":9,"column":16},"end":{"line":9,"column":36}},"loc":{"start":{"line":9,"column":52},"end":{"line":11,"column":null}},"line":9}},"branchMap":{},"s":{"0":1,"1":6,"2":1,"3":5},"f":{"0":6,"1":5},"b":{},"meta":{"lastBranch":0,"lastFunction":2,"lastStatement":4,"seen":{"s:1:13:1:Infinity":0,"f:3:16:3:32":0,"s:4:1:4:Infinity":1,"s:7:13:7:Infinity":2,"f:9:16:9:36":1,"s:10:1:10:Infinity":3},"fnNames":{}}}
,"/Users/nic/Downloads/nestarr-temp/EinVault/src/lib/careStatus.ts": {"path":"/Users/nic/Downloads/nestarr-temp/EinVault/src/lib/careStatus.ts","statementMap":{"0":{"start":{"line":15,"column":7},"end":{"line":15,"column":null}},"1":{"start":{"line":16,"column":16},"end":{"line":16,"column":null}},"2":{"start":{"line":17,"column":1},"end":{"line":21,"column":null}},"3":{"start":{"line":18,"column":2},"end":{"line":18,"column":null}},"4":{"start":{"line":18,"column":21},"end":{"line":18,"column":null}},"5":{"start":{"line":19,"column":2},"end":{"line":19,"column":null}},"6":{"start":{"line":19,"column":41},"end":{"line":19,"column":null}},"7":{"start":{"line":20,"column":2},"end":{"line":20,"column":null}},"8":{"start":{"line":20,"column":39},"end":{"line":20,"column":null}},"9":{"start":{"line":22,"column":1},"end":{"line":22,"column":null}}},"fnMap":{"0":{"name":"careStatus","decl":{"start":{"line":14,"column":16},"end":{"line":14,"column":27}},"loc":{"start":{"line":14,"column":90},"end":{"line":23,"column":null}},"line":14}},"branchMap":{"0":{"loc":{"start":{"line":14,"column":54},"end":{"line":14,"column":90}},"type":"default-arg","locations":[{"start":{"line":14,"column":66},"end":{"line":14,"column":90}}],"line":14},"1":{"loc":{"start":{"line":18,"column":2},"end":{"line":18,"column":null}},"type":"if","locations":[{"start":{"line":18,"column":2},"end":{"line":18,"column":null}},{"start":{},"end":{}}],"line":18},"2":{"loc":{"start":{"line":19,"column":2},"end":{"line":19,"column":null}},"type":"if","locations":[{"start":{"line":19,"column":2},"end":{"line":19,"column":null}},{"start":{},"end":{}}],"line":19},"3":{"loc":{"start":{"line":20,"column":2},"end":{"line":20,"column":null}},"type":"if","locations":[{"start":{"line":20,"column":2},"end":{"line":20,"column":null}},{"start":{},"end":{}}],"line":20},"4":{"loc":{"start":{"line":22,"column":8},"end":{"line":22,"column":null}},"type":"cond-expr","locations":[{"start":{"line":22,"column":19},"end":{"line":22,"column":33}},{"start":{"line":22,"column":33},"end":{"line":22,"column":null}}],"line":22}},"s":{"0":6,"1":6,"2":6,"3":6,"4":1,"5":5,"6":2,"7":3,"8":2,"9":4},"f":{"0":6},"b":{"0":[6],"1":[1,5],"2":[2,3],"3":[2,1],"4":[1,3]},"meta":{"lastBranch":5,"lastFunction":1,"lastStatement":10,"seen":{"f:14:16:14:27":0,"b:14:66:14:90":0,"s:15:7:15:Infinity":0,"s:16:16:16:Infinity":1,"s:17:1:21:Infinity":2,"b:18:2:18:Infinity:undefined:undefined:undefined:undefined":1,"s:18:2:18:Infinity":3,"s:18:21:18:Infinity":4,"b:19:2:19:Infinity:undefined:undefined:undefined:undefined":2,"s:19:2:19:Infinity":5,"s:19:41:19:Infinity":6,"b:20:2:20:Infinity:undefined:undefined:undefined:undefined":3,"s:20:2:20:Infinity":7,"s:20:39:20:Infinity":8,"s:22:1:22:Infinity":9,"b:22:19:22:33:22:33:22:Infinity":4},"fnNames":{}}}
,"/Users/nic/Downloads/nestarr-temp/EinVault/src/lib/clearSubmittingFlag.ts": {"path":"/Users/nic/Downloads/nestarr-temp/EinVault/src/lib/clearSubmittingFlag.ts","statementMap":{"0":{"start":{"line":13,"column":13},"end":{"line":20,"column":null}},"1":{"start":{"line":14,"column":1},"end":{"line":19,"column":null}},"2":{"start":{"line":15,"column":2},"end":{"line":15,"column":null}},"3":{"start":{"line":16,"column":2},"end":{"line":18,"column":null}},"4":{"start":{"line":17,"column":3},"end":{"line":17,"column":null}}},"fnMap":{"0":{"name":"(anonymous_0)","decl":{"start":{"line":13,"column":13},"end":{"line":13,"column":52}},"loc":{"start":{"line":13,"column":72},"end":{"line":20,"column":null}},"line":13},"1":{"name":"(anonymous_1)","decl":{"start":{"line":14,"column":8},"end":{"line":14,"column":15}},"loc":{"start":{"line":14,"column":38},"end":{"line":19,"column":null}},"line":14}},"branchMap":{"0":{"loc":{"start":{"line":16,"column":2},"end":{"line":18,"column":null}},"type":"if","locations":[{"start":{"line":16,"column":2},"end":{"line":18,"column":null}},{"start":{},"end":{}}],"line":16}},"s":{"0":0,"1":0,"2":0,"3":0,"4":0},"f":{"0":0,"1":0},"b":{"0":[0,0]},"meta":{"lastBranch":1,"lastFunction":2,"lastStatement":5,"seen":{"s:13:13:20:Infinity":0,"f:13:13:13:52":0,"s:14:1:19:Infinity":1,"f:14:8:14:15":1,"s:15:2:15:Infinity":2,"b:16:2:18:Infinity:undefined:undefined:undefined:undefined":0,"s:16:2:18:Infinity":3,"s:17:3:17:Infinity":4},"fnNames":{}}}
,"/Users/nic/Downloads/nestarr-temp/EinVault/src/lib/date.ts": {"path":"/Users/nic/Downloads/nestarr-temp/EinVault/src/lib/date.ts","statementMap":{"0":{"start":{"line":3,"column":7},"end":{"line":3,"column":null}},"1":{"start":{"line":3,"column":26},"end":{"line":3,"column":null}},"2":{"start":{"line":4,"column":1},"end":{"line":4,"column":null}}},"fnMap":{"0":{"name":"localDateISO","decl":{"start":{"line":2,"column":16},"end":{"line":2,"column":29}},"loc":{"start":{"line":2,"column":59},"end":{"line":5,"column":null}},"line":2},"1":{"name":"(anonymous_1)","decl":{"start":{"line":3,"column":7},"end":{"line":3,"column":12}},"loc":{"start":{"line":3,"column":26},"end":{"line":3,"column":null}},"line":3}},"branchMap":{"0":{"loc":{"start":{"line":2,"column":29},"end":{"line":2,"column":59}},"type":"default-arg","locations":[{"start":{"line":2,"column":39},"end":{"line":2,"column":59}}],"line":2}},"s":{"0":13,"1":26,"2":13},"f":{"0":13,"1":26},"b":{"0":[13]},"meta":{"lastBranch":1,"lastFunction":2,"lastStatement":3,"seen":{"f:2:16:2:29":0,"b:2:39:2:59":0,"s:3:7:3:Infinity":0,"f:3:7:3:12":1,"s:3:26:3:Infinity":1,"s:4:1:4:Infinity":2},"fnNames":{}}}
,"/Users/nic/Downloads/nestarr-temp/EinVault/src/lib/health.ts": {"path":"/Users/nic/Downloads/nestarr-temp/EinVault/src/lib/health.ts","statementMap":{"0":{"start":{"line":14,"column":39},"end":{"line":20,"column":null}},"1":{"start":{"line":25,"column":39},"end":{"line":31,"column":null}},"2":{"start":{"line":44,"column":15},"end":{"line":48,"column":null}},"3":{"start":{"line":49,"column":1},"end":{"line":49,"column":null}},"4":{"start":{"line":49,"column":12},"end":{"line":49,"column":null}},"5":{"start":{"line":50,"column":1},"end":{"line":50,"column":null}},"6":{"start":{"line":63,"column":15},"end":{"line":63,"column":null}},"7":{"start":{"line":64,"column":1},"end":{"line":64,"column":null}},"8":{"start":{"line":64,"column":16},"end":{"line":64,"column":null}},"9":{"start":{"line":65,"column":1},"end":{"line":66,"column":null}},"10":{"start":{"line":66,"column":2},"end":{"line":66,"column":null}},"11":{"start":{"line":67,"column":1},"end":{"line":67,"column":null}}},"fnMap":{"0":{"name":"reminderPrefillUrl","decl":{"start":{"line":38,"column":16},"end":{"line":38,"column":null}},"loc":{"start":{"line":43,"column":10},"end":{"line":51,"column":null}},"line":43},"1":{"name":"healthEventPrefillUrl","decl":{"start":{"line":59,"column":16},"end":{"line":59,"column":null}},"loc":{"start":{"line":62,"column":10},"end":{"line":68,"column":null}},"line":62}},"branchMap":{"0":{"loc":{"start":{"line":49,"column":1},"end":{"line":49,"column":null}},"type":"if","locations":[{"start":{"line":49,"column":1},"end":{"line":49,"column":null}},{"start":{},"end":{}}],"line":49},"1":{"loc":{"start":{"line":64,"column":1},"end":{"line":64,"column":null}},"type":"if","locations":[{"start":{"line":64,"column":1},"end":{"line":64,"column":null}},{"start":{},"end":{}}],"line":64},"2":{"loc":{"start":{"line":65,"column":1},"end":{"line":66,"column":null}},"type":"if","locations":[{"start":{"line":65,"column":1},"end":{"line":66,"column":null}},{"start":{},"end":{}}],"line":65}},"s":{"0":1,"1":1,"2":5,"3":5,"4":3,"5":5,"6":6,"7":6,"8":1,"9":6,"10":3,"11":6},"f":{"0":5,"1":6},"b":{"0":[3,2],"1":[1,5],"2":[3,3]},"meta":{"lastBranch":3,"lastFunction":2,"lastStatement":12,"seen":{"s:14:39:20:Infinity":0,"s:25:39:31:Infinity":1,"f:38:16:38:Infinity":0,"s:44:15:48:Infinity":2,"b:49:1:49:Infinity:undefined:undefined:undefined:undefined":0,"s:49:1:49:Infinity":3,"s:49:12:49:Infinity":4,"s:50:1:50:Infinity":5,"f:59:16:59:Infinity":1,"s:63:15:63:Infinity":6,"b:64:1:64:Infinity:undefined:undefined:undefined:undefined":1,"s:64:1:64:Infinity":7,"s:64:16:64:Infinity":8,"b:65:1:66:Infinity:undefined:undefined:undefined:undefined":2,"s:65:1:66:Infinity":9,"s:66:2:66:Infinity":10,"s:67:1:67:Infinity":11},"fnNames":{}}}
,"/Users/nic/Downloads/nestarr-temp/EinVault/src/lib/markdown.ts": {"path":"/Users/nic/Downloads/nestarr-temp/EinVault/src/lib/markdown.ts","statementMap":{"0":{"start":{"line":5,"column":0},"end":{"line":11,"column":null}},"1":{"start":{"line":8,"column":3},"end":{"line":8,"column":null}},"2":{"start":{"line":13,"column":21},"end":{"line":34,"column":null}},"3":{"start":{"line":38,"column":1},"end":{"line":38,"column":null}},"4":{"start":{"line":44,"column":13},"end":{"line":44,"column":null}},"5":{"start":{"line":45,"column":1},"end":{"line":50,"column":null}}},"fnMap":{"0":{"name":"html","decl":{"start":{"line":7,"column":2},"end":{"line":7,"column":9}},"loc":{"start":{"line":7,"column":9},"end":{"line":9,"column":null}},"line":7},"1":{"name":"stripMarkdown","decl":{"start":{"line":37,"column":16},"end":{"line":37,"column":30}},"loc":{"start":{"line":37,"column":52},"end":{"line":39,"column":null}},"line":37},"2":{"name":"renderMarkdown","decl":{"start":{"line":41,"column":16},"end":{"line":41,"column":31}},"loc":{"start":{"line":41,"column":53},"end":{"line":51,"column":null}},"line":41}},"branchMap":{},"s":{"0":1,"1":5,"2":1,"3":2,"4":8,"5":8},"f":{"0":5,"1":2,"2":8},"b":{},"meta":{"lastBranch":0,"lastFunction":3,"lastStatement":6,"seen":{"s:5:0:11:Infinity":0,"f:7:2:7:9":0,"s:8:3:8:Infinity":1,"s:13:21:34:Infinity":2,"f:37:16:37:30":1,"s:38:1:38:Infinity":3,"f:41:16:41:31":2,"s:44:13:44:Infinity":4,"s:45:1:50:Infinity":5},"fnNames":{}}}
,"/Users/nic/Downloads/nestarr-temp/EinVault/src/lib/media.ts": {"path":"/Users/nic/Downloads/nestarr-temp/EinVault/src/lib/media.ts","statementMap":{"0":{"start":{"line":6,"column":1},"end":{"line":6,"column":null}},"1":{"start":{"line":9,"column":1},"end":{"line":9,"column":null}}},"fnMap":{"0":{"name":"isVideoMime","decl":{"start":{"line":8,"column":16},"end":{"line":8,"column":28}},"loc":{"start":{"line":8,"column":70},"end":{"line":10,"column":null}},"line":8}},"branchMap":{"0":{"loc":{"start":{"line":9,"column":8},"end":{"line":9,"column":null}},"type":"binary-expr","locations":[{"start":{"line":9,"column":8},"end":{"line":9,"column":18}},{"start":{"line":9,"column":18},"end":{"line":9,"column":null}}],"line":9}},"s":{"0":1,"1":8},"f":{"0":8},"b":{"0":[8,5]},"meta":{"lastBranch":1,"lastFunction":1,"lastStatement":2,"seen":{"s:6:1:6:Infinity":0,"f:8:16:8:28":0,"s:9:1:9:Infinity":1,"b:9:8:9:18:9:18:9:Infinity":0},"fnNames":{}}}
,"/Users/nic/Downloads/nestarr-temp/EinVault/src/lib/pageIdentity.ts": {"path":"/Users/nic/Downloads/nestarr-temp/EinVault/src/lib/pageIdentity.ts","statementMap":{},"fnMap":{},"branchMap":{},"s":{},"f":{},"b":{},"meta":{"lastBranch":0,"lastFunction":0,"lastStatement":0,"seen":{},"fnNames":{}}}
,"/Users/nic/Downloads/nestarr-temp/EinVault/src/lib/pendingDismiss.svelte.ts": {"path":"/Users/nic/Downloads/nestarr-temp/EinVault/src/lib/pendingDismiss.svelte.ts","statementMap":{"0":{"start":{"line":4,"column":32},"end":{"line":4,"column":null}},"1":{"start":{"line":6,"column":29},"end":{"line":6,"column":null}},"2":{"start":{"line":31,"column":34},"end":{"line":31,"column":null}},"3":{"start":{"line":33,"column":7},"end":{"line":33,"column":null}},"4":{"start":{"line":42,"column":2},"end":{"line":42,"column":null}},"5":{"start":{"line":42,"column":39},"end":{"line":42,"column":null}},"6":{"start":{"line":43,"column":2},"end":{"line":43,"column":null}},"7":{"start":{"line":44,"column":2},"end":{"line":44,"column":null}},"8":{"start":{"line":45,"column":2},"end":{"line":45,"column":null}},"9":{"start":{"line":49,"column":16},"end":{"line":49,"column":null}},"10":{"start":{"line":50,"column":2},"end":{"line":50,"column":null}},"11":{"start":{"line":50,"column":14},"end":{"line":50,"column":null}},"12":{"start":{"line":51,"column":9},"end":{"line":51,"column":null}},"13":{"start":{"line":52,"column":2},"end":{"line":52,"column":null}},"14":{"start":{"line":52,"column":31},"end":{"line":52,"column":null}},"15":{"start":{"line":53,"column":2},"end":{"line":53,"column":null}},"16":{"start":{"line":62,"column":2},"end":{"line":62,"column":null}},"17":{"start":{"line":62,"column":25},"end":{"line":62,"column":null}},"18":{"start":{"line":63,"column":15},"end":{"line":63,"column":null}},"19":{"start":{"line":64,"column":2},"end":{"line":64,"column":null}},"20":{"start":{"line":65,"column":2},"end":{"line":65,"column":null}},"21":{"start":{"line":66,"column":2},"end":{"line":66,"column":null}},"22":{"start":{"line":67,"column":2},"end":{"line":67,"column":null}},"23":{"start":{"line":68,"column":2},"end":{"line":71,"column":null}},"24":{"start":{"line":69,"column":3},"end":{"line":69,"column":null}},"25":{"start":{"line":70,"column":3},"end":{"line":70,"column":null}},"26":{"start":{"line":72,"column":2},"end":{"line":72,"column":null}},"27":{"start":{"line":76,"column":16},"end":{"line":76,"column":null}},"28":{"start":{"line":77,"column":2},"end":{"line":77,"column":null}},"29":{"start":{"line":77,"column":14},"end":{"line":77,"column":null}},"30":{"start":{"line":78,"column":9},"end":{"line":78,"column":null}},"31":{"start":{"line":79,"column":2},"end":{"line":79,"column":null}},"32":{"start":{"line":83,"column":16},"end":{"line":83,"column":null}},"33":{"start":{"line":84,"column":2},"end":{"line":87,"column":null}},"34":{"start":{"line":85,"column":3},"end":{"line":85,"column":null}},"35":{"start":{"line":86,"column":10},"end":{"line":86,"column":null}},"36":{"start":{"line":88,"column":2},"end":{"line":88,"column":null}},"37":{"start":{"line":97,"column":18},"end":{"line":97,"column":null}},"38":{"start":{"line":98,"column":17},"end":{"line":98,"column":null}},"39":{"start":{"line":99,"column":8},"end":{"line":99,"column":null}},"40":{"start":{"line":101,"column":2},"end":{"line":109,"column":null}},"41":{"start":{"line":102,"column":3},"end":{"line":102,"column":null}},"42":{"start":{"line":103,"column":3},"end":{"line":106,"column":null}},"43":{"start":{"line":108,"column":3},"end":{"line":108,"column":null}},"44":{"start":{"line":111,"column":19},"end":{"line":111,"column":null}},"45":{"start":{"line":112,"column":2},"end":{"line":114,"column":null}},"46":{"start":{"line":113,"column":3},"end":{"line":113,"column":null}},"47":{"start":{"line":116,"column":8},"end":{"line":126,"column":null}},"48":{"start":{"line":123,"column":17},"end":{"line":123,"column":null}},"49":{"start":{"line":124,"column":19},"end":{"line":124,"column":null}},"50":{"start":{"line":125,"column":19},"end":{"line":125,"column":null}},"51":{"start":{"line":126,"column":43},"end":{"line":126,"column":65}},"52":{"start":{"line":128,"column":2},"end":{"line":128,"column":null}},"53":{"start":{"line":135,"column":2},"end":{"line":156,"column":null}},"54":{"start":{"line":136,"column":3},"end":{"line":155,"column":null}},"55":{"start":{"line":137,"column":4},"end":{"line":154,"column":null}},"56":{"start":{"line":141,"column":20},"end":{"line":141,"column":null}},"57":{"start":{"line":142,"column":5},"end":{"line":142,"column":null}},"58":{"start":{"line":142,"column":74},"end":{"line":142,"column":null}},"59":{"start":{"line":143,"column":18},"end":{"line":143,"column":null}},"60":{"start":{"line":144,"column":17},"end":{"line":144,"column":null}},"61":{"start":{"line":145,"column":5},"end":{"line":145,"column":null}},"62":{"start":{"line":145,"column":15},"end":{"line":145,"column":null}},"63":{"start":{"line":151,"column":5},"end":{"line":151,"column":null}},"64":{"start":{"line":152,"column":5},"end":{"line":152,"column":null}},"65":{"start":{"line":153,"column":5},"end":{"line":153,"column":null}},"66":{"start":{"line":160,"column":16},"end":{"line":160,"column":null}},"67":{"start":{"line":161,"column":2},"end":{"line":161,"column":null}},"68":{"start":{"line":161,"column":14},"end":{"line":161,"column":null}},"69":{"start":{"line":162,"column":2},"end":{"line":162,"column":null}},"70":{"start":{"line":163,"column":9},"end":{"line":163,"column":null}},"71":{"start":{"line":167,"column":2},"end":{"line":169,"column":null}},"72":{"start":{"line":168,"column":3},"end":{"line":168,"column":null}},"73":{"start":{"line":170,"column":2},"end":{"line":170,"column":null}},"74":{"start":{"line":170,"column":37},"end":{"line":170,"column":null}},"75":{"start":{"line":173,"column":1},"end":{"line":177,"column":null}}},"fnMap":{"0":{"name":"createPendingDismissals","decl":{"start":{"line":29,"column":16},"end":{"line":29,"column":null}},"loc":{"start":{"line":32,"column":2},"end":{"line":179,"column":null}},"line":32},"1":{"name":"(anonymous_1)","decl":{"start":{"line":31,"column":1},"end":{"line":31,"column":34}},"loc":{"start":{"line":31,"column":34},"end":{"line":31,"column":null}},"line":31},"2":{"name":"safeSubmit","decl":{"start":{"line":41,"column":10},"end":{"line":41,"column":21}},"loc":{"start":{"line":41,"column":44},"end":{"line":46,"column":null}},"line":41},"3":{"name":"submitNow","decl":{"start":{"line":48,"column":10},"end":{"line":48,"column":20}},"loc":{"start":{"line":48,"column":32},"end":{"line":54,"column":null}},"line":48},"4":{"name":"submitFormWithEvent","decl":{"start":{"line":61,"column":10},"end":{"line":61,"column":30}},"loc":{"start":{"line":61,"column":53},"end":{"line":73,"column":null}},"line":61},"5":{"name":"submitWithEvent","decl":{"start":{"line":75,"column":10},"end":{"line":75,"column":26}},"loc":{"start":{"line":75,"column":38},"end":{"line":80,"column":null}},"line":75},"6":{"name":"commitWithEvent","decl":{"start":{"line":82,"column":10},"end":{"line":82,"column":26}},"loc":{"start":{"line":82,"column":61},"end":{"line":89,"column":null}},"line":82},"7":{"name":"queue","decl":{"start":{"line":91,"column":10},"end":{"line":91,"column":null}},"loc":{"start":{"line":96,"column":3},"end":{"line":157,"column":null}},"line":96},"8":{"name":"(anonymous_8)","decl":{"start":{"line":123,"column":3},"end":{"line":123,"column":17}},"loc":{"start":{"line":123,"column":17},"end":{"line":123,"column":null}},"line":123},"9":{"name":"(anonymous_9)","decl":{"start":{"line":124,"column":3},"end":{"line":124,"column":19}},"loc":{"start":{"line":124,"column":19},"end":{"line":124,"column":null}},"line":124},"10":{"name":"(anonymous_10)","decl":{"start":{"line":125,"column":3},"end":{"line":125,"column":19}},"loc":{"start":{"line":125,"column":19},"end":{"line":125,"column":null}},"line":125},"11":{"name":"(anonymous_11)","decl":{"start":{"line":126,"column":21},"end":{"line":126,"column":43}},"loc":{"start":{"line":126,"column":43},"end":{"line":126,"column":65}},"line":126},"12":{"name":"(anonymous_12)","decl":{"start":{"line":136,"column":3},"end":{"line":136,"column":31}},"loc":{"start":{"line":136,"column":31},"end":{"line":155,"column":4}},"line":136},"13":{"name":"(anonymous_13)","decl":{"start":{"line":137,"column":4},"end":{"line":137,"column":32}},"loc":{"start":{"line":137,"column":32},"end":{"line":154,"column":5}},"line":137},"14":{"name":"undo","decl":{"start":{"line":159,"column":10},"end":{"line":159,"column":15}},"loc":{"start":{"line":159,"column":27},"end":{"line":164,"column":null}},"line":159},"15":{"name":"cleanup","decl":{"start":{"line":166,"column":10},"end":{"line":166,"column":20}},"loc":{"start":{"line":166,"column":20},"end":{"line":171,"column":null}},"line":166}},"branchMap":{"0":{"loc":{"start":{"line":31,"column":1},"end":{"line":31,"column":null}},"type":"default-arg","locations":[{"start":{"line":31,"column":1},"end":{"line":31,"column":null}}],"line":31},"1":{"loc":{"start":{"line":42,"column":2},"end":{"line":42,"column":null}},"type":"if","locations":[{"start":{"line":42,"column":2},"end":{"line":42,"column":null}},{"start":{},"end":{}}],"line":42},"2":{"loc":{"start":{"line":50,"column":2},"end":{"line":50,"column":null}},"type":"if","locations":[{"start":{"line":50,"column":2},"end":{"line":50,"column":null}},{"start":{},"end":{}}],"line":50},"3":{"loc":{"start":{"line":52,"column":2},"end":{"line":52,"column":null}},"type":"if","locations":[{"start":{"line":52,"column":2},"end":{"line":52,"column":null}},{"start":{},"end":{}}],"line":52},"4":{"loc":{"start":{"line":62,"column":2},"end":{"line":62,"column":null}},"type":"if","locations":[{"start":{"line":62,"column":2},"end":{"line":62,"column":null}},{"start":{},"end":{}}],"line":62},"5":{"loc":{"start":{"line":68,"column":2},"end":{"line":71,"column":null}},"type":"if","locations":[{"start":{"line":68,"column":2},"end":{"line":71,"column":null}},{"start":{},"end":{}}],"line":68},"6":{"loc":{"start":{"line":77,"column":2},"end":{"line":77,"column":null}},"type":"if","locations":[{"start":{"line":77,"column":2},"end":{"line":77,"column":null}},{"start":{},"end":{}}],"line":77},"7":{"loc":{"start":{"line":84,"column":2},"end":{"line":87,"column":null}},"type":"if","locations":[{"start":{"line":84,"column":2},"end":{"line":87,"column":null}},{"start":{},"end":{}}],"line":84},"8":{"loc":{"start":{"line":101,"column":2},"end":{"line":109,"column":null}},"type":"if","locations":[{"start":{"line":101,"column":2},"end":{"line":109,"column":null}},{"start":{},"end":{}}],"line":101},"9":{"loc":{"start":{"line":112,"column":2},"end":{"line":114,"column":null}},"type":"if","locations":[{"start":{"line":112,"column":2},"end":{"line":114,"column":null}},{"start":{},"end":{}}],"line":112},"10":{"loc":{"start":{"line":126,"column":15},"end":{"line":126,"column":null}},"type":"cond-expr","locations":[{"start":{"line":126,"column":21},"end":{"line":126,"column":65}},{"start":{"line":126,"column":65},"end":{"line":126,"column":null}}],"line":126},"11":{"loc":{"start":{"line":135,"column":2},"end":{"line":156,"column":null}},"type":"if","locations":[{"start":{"line":135,"column":2},"end":{"line":156,"column":null}},{"start":{},"end":{}}],"line":135},"12":{"loc":{"start":{"line":142,"column":5},"end":{"line":142,"column":null}},"type":"if","locations":[{"start":{"line":142,"column":5},"end":{"line":142,"column":null}},{"start":{},"end":{}}],"line":142},"13":{"loc":{"start":{"line":142,"column":9},"end":{"line":142,"column":74}},"type":"binary-expr","locations":[{"start":{"line":142,"column":9},"end":{"line":142,"column":19}},{"start":{"line":142,"column":19},"end":{"line":142,"column":47}},{"start":{"line":142,"column":47},"end":{"line":142,"column":74}}],"line":142},"14":{"loc":{"start":{"line":145,"column":5},"end":{"line":145,"column":null}},"type":"if","locations":[{"start":{"line":145,"column":5},"end":{"line":145,"column":null}},{"start":{},"end":{}}],"line":145},"15":{"loc":{"start":{"line":161,"column":2},"end":{"line":161,"column":null}},"type":"if","locations":[{"start":{"line":161,"column":2},"end":{"line":161,"column":null}},{"start":{},"end":{}}],"line":161}},"s":{"0":0,"1":0,"2":0,"3":0,"4":0,"5":0,"6":0,"7":0,"8":0,"9":0,"10":0,"11":0,"12":0,"13":0,"14":0,"15":0,"16":0,"17":0,"18":0,"19":0,"20":0,"21":0,"22":0,"23":0,"24":0,"25":0,"26":0,"27":0,"28":0,"29":0,"30":0,"31":0,"32":0,"33":0,"34":0,"35":0,"36":0,"37":0,"38":0,"39":0,"40":0,"41":0,"42":0,"43":0,"44":0,"45":0,"46":0,"47":0,"48":0,"49":0,"50":0,"51":0,"52":0,"53":0,"54":0,"55":0,"56":0,"57":0,"58":0,"59":0,"60":0,"61":0,"62":0,"63":0,"64":0,"65":0,"66":0,"67":0,"68":0,"69":0,"70":0,"71":0,"72":0,"73":0,"74":0,"75":0},"f":{"0":0,"1":0,"2":0,"3":0,"4":0,"5":0,"6":0,"7":0,"8":0,"9":0,"10":0,"11":0,"12":0,"13":0,"14":0,"15":0},"b":{"0":[0],"1":[0,0],"2":[0,0],"3":[0,0],"4":[0,0],"5":[0,0],"6":[0,0],"7":[0,0],"8":[0,0],"9":[0,0],"10":[0,0],"11":[0,0],"12":[0,0],"13":[0,0,0],"14":[0,0],"15":[0,0]},"meta":{"lastBranch":16,"lastFunction":16,"lastStatement":76,"seen":{"s:4:32:4:Infinity":0,"s:6:29:6:Infinity":1,"f:29:16:29:Infinity":0,"b:31:1:31:Infinity":0,"f:31:1:31:34":1,"s:31:34:31:Infinity":2,"s:33:7:33:Infinity":3,"f:41:10:41:21":2,"b:42:2:42:Infinity:undefined:undefined:undefined:undefined":1,"s:42:2:42:Infinity":4,"s:42:39:42:Infinity":5,"s:43:2:43:Infinity":6,"s:44:2:44:Infinity":7,"s:45:2:45:Infinity":8,"f:48:10:48:20":3,"s:49:16:49:Infinity":9,"b:50:2:50:Infinity:undefined:undefined:undefined:undefined":2,"s:50:2:50:Infinity":10,"s:50:14:50:Infinity":11,"s:51:9:51:Infinity":12,"b:52:2:52:Infinity:undefined:undefined:undefined:undefined":3,"s:52:2:52:Infinity":13,"s:52:31:52:Infinity":14,"s:53:2:53:Infinity":15,"f:61:10:61:30":4,"b:62:2:62:Infinity:undefined:undefined:undefined:undefined":4,"s:62:2:62:Infinity":16,"s:62:25:62:Infinity":17,"s:63:15:63:Infinity":18,"s:64:2:64:Infinity":19,"s:65:2:65:Infinity":20,"s:66:2:66:Infinity":21,"s:67:2:67:Infinity":22,"b:68:2:71:Infinity:undefined:undefined:undefined:undefined":5,"s:68:2:71:Infinity":23,"s:69:3:69:Infinity":24,"s:70:3:70:Infinity":25,"s:72:2:72:Infinity":26,"f:75:10:75:26":5,"s:76:16:76:Infinity":27,"b:77:2:77:Infinity:undefined:undefined:undefined:undefined":6,"s:77:2:77:Infinity":28,"s:77:14:77:Infinity":29,"s:78:9:78:Infinity":30,"s:79:2:79:Infinity":31,"f:82:10:82:26":6,"s:83:16:83:Infinity":32,"b:84:2:87:Infinity:undefined:undefined:undefined:undefined":7,"s:84:2:87:Infinity":33,"s:85:3:85:Infinity":34,"s:86:10:86:Infinity":35,"s:88:2:88:Infinity":36,"f:91:10:91:Infinity":7,"s:97:18:97:Infinity":37,"s:98:17:98:Infinity":38,"s:99:8:99:Infinity":39,"b:101:2:109:Infinity:undefined:undefined:undefined:undefined":8,"s:101:2:109:Infinity":40,"s:102:3:102:Infinity":41,"s:103:3:106:Infinity":42,"s:108:3:108:Infinity":43,"s:111:19:111:Infinity":44,"b:112:2:114:Infinity:undefined:undefined:undefined:undefined":9,"s:112:2:114:Infinity":45,"s:113:3:113:Infinity":46,"s:116:8:126:Infinity":47,"f:123:3:123:17":8,"s:123:17:123:Infinity":48,"f:124:3:124:19":9,"s:124:19:124:Infinity":49,"f:125:3:125:19":10,"s:125:19:125:Infinity":50,"b:126:21:126:65:126:65:126:Infinity":10,"f:126:21:126:43":11,"s:126:43:126:65":51,"s:128:2:128:Infinity":52,"b:135:2:156:Infinity:undefined:undefined:undefined:undefined":11,"s:135:2:156:Infinity":53,"s:136:3:155:Infinity":54,"f:136:3:136:31":12,"s:137:4:154:Infinity":55,"f:137:4:137:32":13,"s:141:20:141:Infinity":56,"b:142:5:142:Infinity:undefined:undefined:undefined:undefined":12,"s:142:5:142:Infinity":57,"b:142:9:142:19:142:19:142:47:142:47:142:74":13,"s:142:74:142:Infinity":58,"s:143:18:143:Infinity":59,"s:144:17:144:Infinity":60,"b:145:5:145:Infinity:undefined:undefined:undefined:undefined":14,"s:145:5:145:Infinity":61,"s:145:15:145:Infinity":62,"s:151:5:151:Infinity":63,"s:152:5:152:Infinity":64,"s:153:5:153:Infinity":65,"f:159:10:159:15":14,"s:160:16:160:Infinity":66,"b:161:2:161:Infinity:undefined:undefined:undefined:undefined":15,"s:161:2:161:Infinity":67,"s:161:14:161:Infinity":68,"s:162:2:162:Infinity":69,"s:163:9:163:Infinity":70,"f:166:10:166:20":15,"s:167:2:169:Infinity":71,"s:168:3:168:Infinity":72,"s:170:2:170:Infinity":73,"s:170:37:170:Infinity":74,"s:173:1:177:Infinity":75},"fnNames":{}}}
,"/Users/nic/Downloads/nestarr-temp/EinVault/src/lib/permissions.ts": {"path":"/Users/nic/Downloads/nestarr-temp/EinVault/src/lib/permissions.ts","statementMap":{"0":{"start":{"line":14,"column":1},"end":{"line":14,"column":null}},"1":{"start":{"line":14,"column":12},"end":{"line":14,"column":null}},"2":{"start":{"line":15,"column":1},"end":{"line":15,"column":null}},"3":{"start":{"line":15,"column":28},"end":{"line":15,"column":null}},"4":{"start":{"line":16,"column":1},"end":{"line":16,"column":null}}},"fnMap":{"0":{"name":"canModifyMedia","decl":{"start":{"line":13,"column":16},"end":{"line":13,"column":31}},"loc":{"start":{"line":13,"column":91},"end":{"line":17,"column":null}},"line":13}},"branchMap":{"0":{"loc":{"start":{"line":14,"column":1},"end":{"line":14,"column":null}},"type":"if","locations":[{"start":{"line":14,"column":1},"end":{"line":14,"column":null}},{"start":{},"end":{}}],"line":14},"1":{"loc":{"start":{"line":15,"column":1},"end":{"line":15,"column":null}},"type":"if","locations":[{"start":{"line":15,"column":1},"end":{"line":15,"column":null}},{"start":{},"end":{}}],"line":15},"2":{"loc":{"start":{"line":16,"column":8},"end":{"line":16,"column":null}},"type":"binary-expr","locations":[{"start":{"line":16,"column":8},"end":{"line":16,"column":34}},{"start":{"line":16,"column":34},"end":{"line":16,"column":null}}],"line":16}},"s":{"0":5,"1":2,"2":3,"3":3,"4":0},"f":{"0":5},"b":{"0":[2,3],"1":[3,0],"2":[0,0]},"meta":{"lastBranch":3,"lastFunction":1,"lastStatement":5,"seen":{"f:13:16:13:31":0,"b:14:1:14:Infinity:undefined:undefined:undefined:undefined":0,"s:14:1:14:Infinity":0,"s:14:12:14:Infinity":1,"b:15:1:15:Infinity:undefined:undefined:undefined:undefined":1,"s:15:1:15:Infinity":2,"s:15:28:15:Infinity":3,"s:16:1:16:Infinity":4,"b:16:8:16:34:16:34:16:Infinity":2},"fnNames":{}}}
,"/Users/nic/Downloads/nestarr-temp/EinVault/src/lib/reminderBuckets.ts": {"path":"/Users/nic/Downloads/nestarr-temp/EinVault/src/lib/reminderBuckets.ts","statementMap":{"0":{"start":{"line":13,"column":1},"end":{"line":16,"column":null}},"1":{"start":{"line":31,"column":22},"end":{"line":31,"column":null}},"2":{"start":{"line":32,"column":20},"end":{"line":32,"column":null}},"3":{"start":{"line":33,"column":23},"end":{"line":33,"column":null}},"4":{"start":{"line":34,"column":1},"end":{"line":38,"column":null}},"5":{"start":{"line":35,"column":2},"end":{"line":37,"column":null}},"6":{"start":{"line":35,"column":41},"end":{"line":35,"column":null}},"7":{"start":{"line":36,"column":7},"end":{"line":37,"column":null}},"8":{"start":{"line":36,"column":41},"end":{"line":36,"column":null}},"9":{"start":{"line":37,"column":7},"end":{"line":37,"column":null}},"10":{"start":{"line":39,"column":7},"end":{"line":39,"column":null}},"11":{"start":{"line":39,"column":31},"end":{"line":39,"column":null}},"12":{"start":{"line":40,"column":1},"end":{"line":40,"column":null}},"13":{"start":{"line":41,"column":1},"end":{"line":41,"column":null}},"14":{"start":{"line":42,"column":1},"end":{"line":42,"column":null}},"15":{"start":{"line":43,"column":1},"end":{"line":43,"column":null}}},"fnMap":{"0":{"name":"isSameLocalDay","decl":{"start":{"line":12,"column":9},"end":{"line":12,"column":24}},"loc":{"start":{"line":12,"column":51},"end":{"line":18,"column":null}},"line":12},"1":{"name":"reminderBuckets","decl":{"start":{"line":27,"column":16},"end":{"line":27,"column":null}},"loc":{"start":{"line":30,"column":22},"end":{"line":44,"column":null}},"line":30},"2":{"name":"(anonymous_2)","decl":{"start":{"line":39,"column":7},"end":{"line":39,"column":16}},"loc":{"start":{"line":39,"column":31},"end":{"line":39,"column":null}},"line":39}},"branchMap":{"0":{"loc":{"start":{"line":14,"column":2},"end":{"line":16,"column":null}},"type":"binary-expr","locations":[{"start":{"line":14,"column":2},"end":{"line":14,"column":null}},{"start":{"line":15,"column":2},"end":{"line":15,"column":null}},{"start":{"line":16,"column":2},"end":{"line":16,"column":null}}],"line":14},"1":{"loc":{"start":{"line":35,"column":2},"end":{"line":37,"column":null}},"type":"if","locations":[{"start":{"line":35,"column":2},"end":{"line":37,"column":null}},{"start":{"line":36,"column":7},"end":{"line":37,"column":null}}],"line":35},"2":{"loc":{"start":{"line":36,"column":7},"end":{"line":37,"column":null}},"type":"if","locations":[{"start":{"line":36,"column":7},"end":{"line":37,"column":null}},{"start":{"line":37,"column":7},"end":{"line":37,"column":null}}],"line":36}},"s":{"0":4,"1":6,"2":6,"3":6,"4":6,"5":6,"6":2,"7":4,"8":1,"9":3,"10":6,"11":1,"12":6,"13":6,"14":6,"15":6},"f":{"0":4,"1":6,"2":1},"b":{"0":[4,4,4],"1":[2,4],"2":[1,3]},"meta":{"lastBranch":3,"lastFunction":3,"lastStatement":16,"seen":{"f:12:9:12:24":0,"s:13:1:16:Infinity":0,"b:14:2:14:Infinity:15:2:15:Infinity:16:2:16:Infinity":0,"f:27:16:27:Infinity":1,"s:31:22:31:Infinity":1,"s:32:20:32:Infinity":2,"s:33:23:33:Infinity":3,"s:34:1:38:Infinity":4,"b:35:2:37:Infinity:36:7:37:Infinity":1,"s:35:2:37:Infinity":5,"s:35:41:35:Infinity":6,"b:36:7:37:Infinity:37:7:37:Infinity":2,"s:36:7:37:Infinity":7,"s:36:41:36:Infinity":8,"s:37:7:37:Infinity":9,"s:39:7:39:Infinity":10,"f:39:7:39:16":2,"s:39:31:39:Infinity":11,"s:40:1:40:Infinity":12,"s:41:1:41:Infinity":13,"s:42:1:42:Infinity":14,"s:43:1:43:Infinity":15},"fnNames":{}}}
,"/Users/nic/Downloads/nestarr-temp/EinVault/src/lib/reminderRecurrence.ts": {"path":"/Users/nic/Downloads/nestarr-temp/EinVault/src/lib/reminderRecurrence.ts","statementMap":{"0":{"start":{"line":9,"column":32},"end":{"line":14,"column":null}},"1":{"start":{"line":17,"column":34},"end":{"line":22,"column":null}},"2":{"start":{"line":26,"column":71},"end":{"line":31,"column":null}},"3":{"start":{"line":37,"column":1},"end":{"line":37,"column":null}},"4":{"start":{"line":41,"column":1},"end":{"line":41,"column":null}},"5":{"start":{"line":62,"column":1},"end":{"line":62,"column":null}},"6":{"start":{"line":62,"column":67},"end":{"line":62,"column":null}},"7":{"start":{"line":64,"column":30},"end":{"line":64,"column":null}},"8":{"start":{"line":65,"column":18},"end":{"line":65,"column":null}},"9":{"start":{"line":67,"column":1},"end":{"line":77,"column":null}},"10":{"start":{"line":69,"column":3},"end":{"line":75,"column":null}},"11":{"start":{"line":76,"column":2},"end":{"line":76,"column":null}},"12":{"start":{"line":80,"column":1},"end":{"line":84,"column":null}},"13":{"start":{"line":81,"column":2},"end":{"line":83,"column":null}},"14":{"start":{"line":85,"column":1},"end":{"line":89,"column":null}},"15":{"start":{"line":86,"column":2},"end":{"line":88,"column":null}},"16":{"start":{"line":90,"column":1},"end":{"line":100,"column":null}},"17":{"start":{"line":91,"column":2},"end":{"line":96,"column":null}},"18":{"start":{"line":92,"column":3},"end":{"line":95,"column":null}},"19":{"start":{"line":97,"column":2},"end":{"line":99,"column":null}},"20":{"start":{"line":102,"column":1},"end":{"line":107,"column":null}},"21":{"start":{"line":103,"column":28},"end":{"line":103,"column":null}},"22":{"start":{"line":104,"column":15},"end":{"line":104,"column":null}},"23":{"start":{"line":105,"column":20},"end":{"line":105,"column":null}},"24":{"start":{"line":106,"column":2},"end":{"line":106,"column":null}},"25":{"start":{"line":108,"column":1},"end":{"line":110,"column":null}},"26":{"start":{"line":117,"column":1},"end":{"line":117,"column":null}},"27":{"start":{"line":126,"column":1},"end":{"line":126,"column":null}}},"fnMap":{"0":{"name":"packMonthDay","decl":{"start":{"line":36,"column":16},"end":{"line":36,"column":29}},"loc":{"start":{"line":36,"column":68},"end":{"line":38,"column":null}},"line":36},"1":{"name":"unpackMonthDay","decl":{"start":{"line":40,"column":16},"end":{"line":40,"column":31}},"loc":{"start":{"line":40,"column":82},"end":{"line":42,"column":null}},"line":40},"2":{"name":"formatRecurrence","decl":{"start":{"line":57,"column":16},"end":{"line":57,"column":null}},"loc":{"start":{"line":61,"column":10},"end":{"line":111,"column":null}},"line":61},"3":{"name":"daysInMonth","decl":{"start":{"line":116,"column":16},"end":{"line":116,"column":28}},"loc":{"start":{"line":116,"column":68},"end":{"line":118,"column":null}},"line":116},"4":{"name":"clampDayOfMonth","decl":{"start":{"line":125,"column":16},"end":{"line":125,"column":32}},"loc":{"start":{"line":125,"column":92},"end":{"line":127,"column":null}},"line":125}},"branchMap":{"0":{"loc":{"start":{"line":60,"column":1},"end":{"line":60,"column":null}},"type":"default-arg","locations":[{"start":{"line":60,"column":29},"end":{"line":60,"column":null}}],"line":60},"1":{"loc":{"start":{"line":62,"column":1},"end":{"line":62,"column":null}},"type":"if","locations":[{"start":{"line":62,"column":1},"end":{"line":62,"column":null}},{"start":{},"end":{}}],"line":62},"2":{"loc":{"start":{"line":62,"column":5},"end":{"line":62,"column":67}},"type":"binary-expr","locations":[{"start":{"line":62,"column":5},"end":{"line":62,"column":23}},{"start":{"line":62,"column":23},"end":{"line":62,"column":44}},{"start":{"line":62,"column":44},"end":{"line":62,"column":67}}],"line":62},"3":{"loc":{"start":{"line":67,"column":1},"end":{"line":77,"column":null}},"type":"if","locations":[{"start":{"line":67,"column":1},"end":{"line":77,"column":null}},{"start":{},"end":{}}],"line":67},"4":{"loc":{"start":{"line":69,"column":3},"end":{"line":75,"column":null}},"type":"cond-expr","locations":[{"start":{"line":70,"column":6},"end":{"line":70,"column":null}},{"start":{"line":71,"column":6},"end":{"line":75,"column":null}}],"line":69},"5":{"loc":{"start":{"line":71,"column":6},"end":{"line":75,"column":null}},"type":"cond-expr","locations":[{"start":{"line":72,"column":7},"end":{"line":72,"column":null}},{"start":{"line":73,"column":7},"end":{"line":75,"column":null}}],"line":71},"6":{"loc":{"start":{"line":73,"column":7},"end":{"line":75,"column":null}},"type":"cond-expr","locations":[{"start":{"line":74,"column":8},"end":{"line":74,"column":null}},{"start":{"line":75,"column":8},"end":{"line":75,"column":null}}],"line":73},"7":{"loc":{"start":{"line":80,"column":1},"end":{"line":84,"column":null}},"type":"if","locations":[{"start":{"line":80,"column":1},"end":{"line":84,"column":null}},{"start":{},"end":{}}],"line":80},"8":{"loc":{"start":{"line":81,"column":9},"end":{"line":83,"column":null}},"type":"cond-expr","locations":[{"start":{"line":81,"column":22},"end":{"line":82,"column":null}},{"start":{"line":82,"column":46},"end":{"line":83,"column":null}}],"line":81},"9":{"loc":{"start":{"line":85,"column":1},"end":{"line":89,"column":null}},"type":"if","locations":[{"start":{"line":85,"column":1},"end":{"line":89,"column":null}},{"start":{},"end":{}}],"line":85},"10":{"loc":{"start":{"line":86,"column":9},"end":{"line":88,"column":null}},"type":"cond-expr","locations":[{"start":{"line":86,"column":22},"end":{"line":87,"column":null}},{"start":{"line":87,"column":47},"end":{"line":88,"column":null}}],"line":86},"11":{"loc":{"start":{"line":90,"column":1},"end":{"line":100,"column":null}},"type":"if","locations":[{"start":{"line":90,"column":1},"end":{"line":100,"column":null}},{"start":{},"end":{}}],"line":90},"12":{"loc":{"start":{"line":91,"column":2},"end":{"line":96,"column":null}},"type":"if","locations":[{"start":{"line":91,"column":2},"end":{"line":96,"column":null}},{"start":{},"end":{}}],"line":91},"13":{"loc":{"start":{"line":91,"column":6},"end":{"line":91,"column":72}},"type":"binary-expr","locations":[{"start":{"line":91,"column":6},"end":{"line":91,"column":47}},{"start":{"line":91,"column":47},"end":{"line":91,"column":72}}],"line":91},"14":{"loc":{"start":{"line":97,"column":9},"end":{"line":99,"column":null}},"type":"cond-expr","locations":[{"start":{"line":97,"column":22},"end":{"line":98,"column":null}},{"start":{"line":98,"column":48},"end":{"line":99,"column":null}}],"line":97},"15":{"loc":{"start":{"line":102,"column":1},"end":{"line":107,"column":null}},"type":"if","locations":[{"start":{"line":102,"column":1},"end":{"line":107,"column":null}},{"start":{},"end":{}}],"line":102},"16":{"loc":{"start":{"line":102,"column":5},"end":{"line":102,"column":70}},"type":"binary-expr","locations":[{"start":{"line":102,"column":5},"end":{"line":102,"column":45}},{"start":{"line":102,"column":45},"end":{"line":102,"column":70}}],"line":102},"17":{"loc":{"start":{"line":108,"column":8},"end":{"line":110,"column":null}},"type":"cond-expr","locations":[{"start":{"line":108,"column":21},"end":{"line":109,"column":null}},{"start":{"line":109,"column":46},"end":{"line":110,"column":null}}],"line":108}},"s":{"0":5,"1":5,"2":5,"3":376,"4":375,"5":0,"6":0,"7":0,"8":0,"9":0,"10":0,"11":0,"12":0,"13":0,"14":0,"15":0,"16":0,"17":0,"18":0,"19":0,"20":0,"21":0,"22":0,"23":0,"24":0,"25":0,"26":52,"27":46},"f":{"0":376,"1":375,"2":0,"3":52,"4":46},"b":{"0":[0],"1":[0,0],"2":[0,0,0],"3":[0,0],"4":[0,0],"5":[0,0],"6":[0,0],"7":[0,0],"8":[0,0],"9":[0,0],"10":[0,0],"11":[0,0],"12":[0,0],"13":[0,0],"14":[0,0],"15":[0,0],"16":[0,0],"17":[0,0]},"meta":{"lastBranch":18,"lastFunction":5,"lastStatement":28,"seen":{"s:9:32:14:Infinity":0,"s:17:34:22:Infinity":1,"s:26:71:31:Infinity":2,"f:36:16:36:29":0,"s:37:1:37:Infinity":3,"f:40:16:40:31":1,"s:41:1:41:Infinity":4,"f:57:16:57:Infinity":2,"b:60:29:60:Infinity":0,"b:62:1:62:Infinity:undefined:undefined:undefined:undefined":1,"s:62:1:62:Infinity":5,"b:62:5:62:23:62:23:62:44:62:44:62:67":2,"s:62:67:62:Infinity":6,"s:64:30:64:Infinity":7,"s:65:18:65:Infinity":8,"b:67:1:77:Infinity:undefined:undefined:undefined:undefined":3,"s:67:1:77:Infinity":9,"s:69:3:75:Infinity":10,"b:70:6:70:Infinity:71:6:75:Infinity":4,"b:72:7:72:Infinity:73:7:75:Infinity":5,"b:74:8:74:Infinity:75:8:75:Infinity":6,"s:76:2:76:Infinity":11,"b:80:1:84:Infinity:undefined:undefined:undefined:undefined":7,"s:80:1:84:Infinity":12,"s:81:2:83:Infinity":13,"b:81:22:82:Infinity:82:46:83:Infinity":8,"b:85:1:89:Infinity:undefined:undefined:undefined:undefined":9,"s:85:1:89:Infinity":14,"s:86:2:88:Infinity":15,"b:86:22:87:Infinity:87:47:88:Infinity":10,"b:90:1:100:Infinity:undefined:undefined:undefined:undefined":11,"s:90:1:100:Infinity":16,"b:91:2:96:Infinity:undefined:undefined:undefined:undefined":12,"s:91:2:96:Infinity":17,"b:91:6:91:47:91:47:91:72":13,"s:92:3:95:Infinity":18,"s:97:2:99:Infinity":19,"b:97:22:98:Infinity:98:48:99:Infinity":14,"b:102:1:107:Infinity:undefined:undefined:undefined:undefined":15,"s:102:1:107:Infinity":20,"b:102:5:102:45:102:45:102:70":16,"s:103:28:103:Infinity":21,"s:104:15:104:Infinity":22,"s:105:20:105:Infinity":23,"s:106:2:106:Infinity":24,"s:108:1:110:Infinity":25,"b:108:21:109:Infinity:109:46:110:Infinity":17,"f:116:16:116:28":3,"s:117:1:117:Infinity":26,"f:125:16:125:32":4,"s:126:1:126:Infinity":27},"fnNames":{}}}
,"/Users/nic/Downloads/nestarr-temp/EinVault/src/lib/reminderUndo.ts": {"path":"/Users/nic/Downloads/nestarr-temp/EinVault/src/lib/reminderUndo.ts","statementMap":{"0":{"start":{"line":6,"column":56},"end":{"line":6,"column":null}},"1":{"start":{"line":13,"column":41},"end":{"line":13,"column":null}},"2":{"start":{"line":20,"column":46},"end":{"line":20,"column":null}}},"fnMap":{},"branchMap":{},"s":{"0":11,"1":11,"2":11},"f":{},"b":{},"meta":{"lastBranch":0,"lastFunction":0,"lastStatement":3,"seen":{"s:6:56:6:Infinity":0,"s:13:41:13:Infinity":1,"s:20:46:20:Infinity":2},"fnNames":{}}}
,"/Users/nic/Downloads/nestarr-temp/EinVault/src/lib/searchSigil.ts": {"path":"/Users/nic/Downloads/nestarr-temp/EinVault/src/lib/searchSigil.ts","statementMap":{"0":{"start":{"line":14,"column":11},"end":{"line":14,"column":null}},"1":{"start":{"line":15,"column":1},"end":{"line":15,"column":null}},"2":{"start":{"line":15,"column":9},"end":{"line":15,"column":null}},"3":{"start":{"line":16,"column":1},"end":{"line":16,"column":null}},"4":{"start":{"line":21,"column":1},"end":{"line":21,"column":null}}},"fnMap":{"0":{"name":"parseSigilToken","decl":{"start":{"line":13,"column":16},"end":{"line":13,"column":32}},"loc":{"start":{"line":13,"column":66},"end":{"line":17,"column":null}},"line":13},"1":{"name":"stripSigilToken","decl":{"start":{"line":20,"column":16},"end":{"line":20,"column":32}},"loc":{"start":{"line":20,"column":74},"end":{"line":22,"column":null}},"line":20}},"branchMap":{"0":{"loc":{"start":{"line":15,"column":1},"end":{"line":15,"column":null}},"type":"if","locations":[{"start":{"line":15,"column":1},"end":{"line":15,"column":null}},{"start":{},"end":{}}],"line":15}},"s":{"0":8,"1":8,"2":3,"3":5,"4":2},"f":{"0":8,"1":2},"b":{"0":[3,5]},"meta":{"lastBranch":1,"lastFunction":2,"lastStatement":5,"seen":{"f:13:16:13:32":0,"s:14:11:14:Infinity":0,"b:15:1:15:Infinity:undefined:undefined:undefined:undefined":0,"s:15:1:15:Infinity":1,"s:15:9:15:Infinity":2,"s:16:1:16:Infinity":3,"f:20:16:20:32":1,"s:21:1:21:Infinity":4},"fnNames":{}}}
,"/Users/nic/Downloads/nestarr-temp/EinVault/src/lib/theme.ts": {"path":"/Users/nic/Downloads/nestarr-temp/EinVault/src/lib/theme.ts","statementMap":{"0":{"start":{"line":6,"column":27},"end":{"line":6,"column":null}},"1":{"start":{"line":7,"column":40},"end":{"line":7,"column":null}},"2":{"start":{"line":10,"column":1},"end":{"line":10,"column":null}},"3":{"start":{"line":10,"column":15},"end":{"line":10,"column":null}},"4":{"start":{"line":11,"column":14},"end":{"line":11,"column":null}},"5":{"start":{"line":12,"column":1},"end":{"line":20,"column":null}},"6":{"start":{"line":13,"column":2},"end":{"line":13,"column":null}},"7":{"start":{"line":14,"column":8},"end":{"line":20,"column":null}},"8":{"start":{"line":15,"column":2},"end":{"line":15,"column":null}},"9":{"start":{"line":17,"column":2},"end":{"line":19,"column":null}},"10":{"start":{"line":23,"column":28},"end":{"line":23,"column":null}},"11":{"start":{"line":28,"column":1},"end":{"line":28,"column":null}},"12":{"start":{"line":28,"column":15},"end":{"line":28,"column":null}},"13":{"start":{"line":29,"column":11},"end":{"line":29,"column":null}},"14":{"start":{"line":30,"column":1},"end":{"line":30,"column":null}},"15":{"start":{"line":35,"column":1},"end":{"line":35,"column":null}},"16":{"start":{"line":35,"column":15},"end":{"line":35,"column":null}},"17":{"start":{"line":36,"column":1},"end":{"line":36,"column":null}},"18":{"start":{"line":40,"column":12},"end":{"line":40,"column":null}},"19":{"start":{"line":41,"column":1},"end":{"line":41,"column":null}},"20":{"start":{"line":42,"column":13},"end":{"line":42,"column":null}},"21":{"start":{"line":43,"column":1},"end":{"line":43,"column":null}},"22":{"start":{"line":43,"column":14},"end":{"line":43,"column":null}}},"fnMap":{"0":{"name":"applyTheme","decl":{"start":{"line":9,"column":16},"end":{"line":9,"column":27}},"loc":{"start":{"line":9,"column":44},"end":{"line":21,"column":null}},"line":9},"1":{"name":"readThemeCookie","decl":{"start":{"line":27,"column":16},"end":{"line":27,"column":48}},"loc":{"start":{"line":27,"column":48},"end":{"line":31,"column":null}},"line":27},"2":{"name":"writeThemeCookie","decl":{"start":{"line":34,"column":16},"end":{"line":34,"column":33}},"loc":{"start":{"line":34,"column":49},"end":{"line":37,"column":null}},"line":34},"3":{"name":"saveTheme","decl":{"start":{"line":39,"column":22},"end":{"line":39,"column":32}},"loc":{"start":{"line":39,"column":85},"end":{"line":44,"column":null}},"line":39}},"branchMap":{"0":{"loc":{"start":{"line":10,"column":1},"end":{"line":10,"column":null}},"type":"if","locations":[{"start":{"line":10,"column":1},"end":{"line":10,"column":null}},{"start":{},"end":{}}],"line":10},"1":{"loc":{"start":{"line":12,"column":1},"end":{"line":20,"column":null}},"type":"if","locations":[{"start":{"line":12,"column":1},"end":{"line":20,"column":null}},{"start":{"line":14,"column":8},"end":{"line":20,"column":null}}],"line":12},"2":{"loc":{"start":{"line":14,"column":8},"end":{"line":20,"column":null}},"type":"if","locations":[{"start":{"line":14,"column":8},"end":{"line":20,"column":null}},{"start":{"line":16,"column":8},"end":{"line":20,"column":null}}],"line":14},"3":{"loc":{"start":{"line":17,"column":2},"end":{"line":19,"column":null}},"type":"cond-expr","locations":[{"start":{"line":18,"column":5},"end":{"line":18,"column":null}},{"start":{"line":19,"column":5},"end":{"line":19,"column":null}}],"line":17},"4":{"loc":{"start":{"line":28,"column":1},"end":{"line":28,"column":null}},"type":"if","locations":[{"start":{"line":28,"column":1},"end":{"line":28,"column":null}},{"start":{},"end":{}}],"line":28},"5":{"loc":{"start":{"line":30,"column":9},"end":{"line":30,"column":null}},"type":"binary-expr","locations":[{"start":{"line":30,"column":9},"end":{"line":30,"column":29}},{"start":{"line":30,"column":29},"end":{"line":30,"column":null}}],"line":30},"6":{"loc":{"start":{"line":35,"column":1},"end":{"line":35,"column":null}},"type":"if","locations":[{"start":{"line":35,"column":1},"end":{"line":35,"column":null}},{"start":{},"end":{}}],"line":35},"7":{"loc":{"start":{"line":39,"column":42},"end":{"line":39,"column":85}},"type":"default-arg","locations":[{"start":{"line":39,"column":57},"end":{"line":39,"column":85}}],"line":39},"8":{"loc":{"start":{"line":43,"column":1},"end":{"line":43,"column":null}},"type":"if","locations":[{"start":{"line":43,"column":1},"end":{"line":43,"column":null}},{"start":{},"end":{}}],"line":43}},"s":{"0":0,"1":0,"2":0,"3":0,"4":0,"5":0,"6":0,"7":0,"8":0,"9":0,"10":0,"11":0,"12":0,"13":0,"14":0,"15":0,"16":0,"17":0,"18":0,"19":0,"20":0,"21":0,"22":0},"f":{"0":0,"1":0,"2":0,"3":0},"b":{"0":[0,0],"1":[0,0],"2":[0,0],"3":[0,0],"4":[0,0],"5":[0,0],"6":[0,0],"7":[0],"8":[0,0]},"meta":{"lastBranch":9,"lastFunction":4,"lastStatement":23,"seen":{"s:6:27:6:Infinity":0,"s:7:40:7:Infinity":1,"f:9:16:9:27":0,"b:10:1:10:Infinity:undefined:undefined:undefined:undefined":0,"s:10:1:10:Infinity":2,"s:10:15:10:Infinity":3,"s:11:14:11:Infinity":4,"b:12:1:20:Infinity:14:8:20:Infinity":1,"s:12:1:20:Infinity":5,"s:13:2:13:Infinity":6,"b:14:8:20:Infinity:16:8:20:Infinity":2,"s:14:8:20:Infinity":7,"s:15:2:15:Infinity":8,"s:17:2:19:Infinity":9,"b:18:5:18:Infinity:19:5:19:Infinity":3,"s:23:28:23:Infinity":10,"f:27:16:27:48":1,"b:28:1:28:Infinity:undefined:undefined:undefined:undefined":4,"s:28:1:28:Infinity":11,"s:28:15:28:Infinity":12,"s:29:11:29:Infinity":13,"s:30:1:30:Infinity":14,"b:30:9:30:29:30:29:30:Infinity":5,"f:34:16:34:33":2,"b:35:1:35:Infinity:undefined:undefined:undefined:undefined":6,"s:35:1:35:Infinity":15,"s:35:15:35:Infinity":16,"s:36:1:36:Infinity":17,"f:39:22:39:32":3,"b:39:57:39:85":7,"s:40:12:40:Infinity":18,"s:41:1:41:Infinity":19,"s:42:13:42:Infinity":20,"b:43:1:43:Infinity:undefined:undefined:undefined:undefined":8,"s:43:1:43:Infinity":21,"s:43:14:43:Infinity":22},"fnNames":{}}}
,"/Users/nic/Downloads/nestarr-temp/EinVault/src/lib/types.ts": {"path":"/Users/nic/Downloads/nestarr-temp/EinVault/src/lib/types.ts","statementMap":{},"fnMap":{},"branchMap":{},"s":{},"f":{},"b":{},"meta":{"lastBranch":0,"lastFunction":0,"lastStatement":0,"seen":{},"fnNames":{}}}
,"/Users/nic/Downloads/nestarr-temp/EinVault/src/lib/utils.ts": {"path":"/Users/nic/Downloads/nestarr-temp/EinVault/src/lib/utils.ts","statementMap":{"0":{"start":{"line":5,"column":1},"end":{"line":5,"column":null}}},"fnMap":{"0":{"name":"cn","decl":{"start":{"line":4,"column":16},"end":{"line":4,"column":19}},"loc":{"start":{"line":4,"column":44},"end":{"line":6,"column":null}},"line":4}},"branchMap":{},"s":{"0":6},"f":{"0":6},"b":{},"meta":{"lastBranch":0,"lastFunction":1,"lastStatement":1,"seen":{"f:4:16:4:19":0,"s:5:1:5:Infinity":0},"fnNames":{}}}
,"/Users/nic/Downloads/nestarr-temp/EinVault/src/lib/weightChart.ts": {"path":"/Users/nic/Downloads/nestarr-temp/EinVault/src/lib/weightChart.ts","statementMap":{"0":{"start":{"line":9,"column":19},"end":{"line":9,"column":null}},"1":{"start":{"line":13,"column":1},"end":{"line":13,"column":null}},"2":{"start":{"line":13,"column":18},"end":{"line":13,"column":null}},"3":{"start":{"line":14,"column":1},"end":{"line":14,"column":null}},"4":{"start":{"line":19,"column":1},"end":{"line":19,"column":null}},"5":{"start":{"line":19,"column":22},"end":{"line":19,"column":null}},"6":{"start":{"line":20,"column":16},"end":{"line":20,"column":null}},"7":{"start":{"line":21,"column":1},"end":{"line":22,"column":null}},"8":{"start":{"line":21,"column":21},"end":{"line":21,"column":null}},"9":{"start":{"line":22,"column":6},"end":{"line":22,"column":null}},"10":{"start":{"line":23,"column":1},"end":{"line":23,"column":null}},"11":{"start":{"line":23,"column":29},"end":{"line":23,"column":51}},"12":{"start":{"line":28,"column":1},"end":{"line":28,"column":null}},"13":{"start":{"line":28,"column":24},"end":{"line":28,"column":null}},"14":{"start":{"line":29,"column":15},"end":{"line":29,"column":null}},"15":{"start":{"line":30,"column":14},"end":{"line":30,"column":null}},"16":{"start":{"line":31,"column":1},"end":{"line":31,"column":null}},"17":{"start":{"line":31,"column":18},"end":{"line":31,"column":null}},"18":{"start":{"line":32,"column":1},"end":{"line":32,"column":null}},"19":{"start":{"line":36,"column":13},"end":{"line":36,"column":null}},"20":{"start":{"line":37,"column":13},"end":{"line":37,"column":null}},"21":{"start":{"line":38,"column":15},"end":{"line":38,"column":null}},"22":{"start":{"line":39,"column":13},"end":{"line":39,"column":null}},"23":{"start":{"line":40,"column":1},"end":{"line":43,"column":null}},"24":{"start":{"line":40,"column":30},"end":{"line":43,"column":3}},"25":{"start":{"line":52,"column":1},"end":{"line":52,"column":null}},"26":{"start":{"line":52,"column":24},"end":{"line":52,"column":null}},"27":{"start":{"line":53,"column":13},"end":{"line":53,"column":null}},"28":{"start":{"line":54,"column":14},"end":{"line":54,"column":null}},"29":{"start":{"line":54,"column":29},"end":{"line":54,"column":66}},"30":{"start":{"line":55,"column":15},"end":{"line":55,"column":null}},"31":{"start":{"line":56,"column":1},"end":{"line":56,"column":null}},"32":{"start":{"line":61,"column":1},"end":{"line":61,"column":null}},"33":{"start":{"line":61,"column":24},"end":{"line":61,"column":null}},"34":{"start":{"line":62,"column":13},"end":{"line":62,"column":null}},"35":{"start":{"line":63,"column":1},"end":{"line":63,"column":null}},"36":{"start":{"line":63,"column":29},"end":{"line":63,"column":66}}},"fnMap":{"0":{"name":"convertWeight","decl":{"start":{"line":12,"column":16},"end":{"line":12,"column":30}},"loc":{"start":{"line":12,"column":92},"end":{"line":15,"column":null}},"line":12},"1":{"name":"filterByRange","decl":{"start":{"line":18,"column":16},"end":{"line":18,"column":30}},"loc":{"start":{"line":18,"column":99},"end":{"line":24,"column":null}},"line":18},"2":{"name":"(anonymous_2)","decl":{"start":{"line":23,"column":15},"end":{"line":23,"column":23}},"loc":{"start":{"line":23,"column":29},"end":{"line":23,"column":51}},"line":23},"3":{"name":"percentChange","decl":{"start":{"line":27,"column":16},"end":{"line":27,"column":30}},"loc":{"start":{"line":27,"column":68},"end":{"line":33,"column":null}},"line":27},"4":{"name":"scalePoints","decl":{"start":{"line":35,"column":9},"end":{"line":35,"column":21}},"loc":{"start":{"line":35,"column":98},"end":{"line":44,"column":null}},"line":35},"5":{"name":"(anonymous_5)","decl":{"start":{"line":40,"column":15},"end":{"line":40,"column":20}},"loc":{"start":{"line":40,"column":30},"end":{"line":43,"column":3}},"line":40},"6":{"name":"buildAreaPath","decl":{"start":{"line":51,"column":16},"end":{"line":51,"column":30}},"loc":{"start":{"line":51,"column":87},"end":{"line":57,"column":null}},"line":51},"7":{"name":"(anonymous_7)","decl":{"start":{"line":54,"column":18},"end":{"line":54,"column":23}},"loc":{"start":{"line":54,"column":29},"end":{"line":54,"column":66}},"line":54},"8":{"name":"buildLinePath","decl":{"start":{"line":60,"column":16},"end":{"line":60,"column":30}},"loc":{"start":{"line":60,"column":87},"end":{"line":64,"column":null}},"line":60},"9":{"name":"(anonymous_9)","decl":{"start":{"line":63,"column":18},"end":{"line":63,"column":23}},"loc":{"start":{"line":63,"column":29},"end":{"line":63,"column":66}},"line":63}},"branchMap":{"0":{"loc":{"start":{"line":13,"column":1},"end":{"line":13,"column":null}},"type":"if","locations":[{"start":{"line":13,"column":1},"end":{"line":13,"column":null}},{"start":{},"end":{}}],"line":13},"1":{"loc":{"start":{"line":14,"column":8},"end":{"line":14,"column":null}},"type":"cond-expr","locations":[{"start":{"line":14,"column":24},"end":{"line":14,"column":46}},{"start":{"line":14,"column":46},"end":{"line":14,"column":null}}],"line":14},"2":{"loc":{"start":{"line":19,"column":1},"end":{"line":19,"column":null}},"type":"if","locations":[{"start":{"line":19,"column":1},"end":{"line":19,"column":null}},{"start":{},"end":{}}],"line":19},"3":{"loc":{"start":{"line":21,"column":1},"end":{"line":22,"column":null}},"type":"if","locations":[{"start":{"line":21,"column":1},"end":{"line":22,"column":null}},{"start":{"line":22,"column":6},"end":{"line":22,"column":null}}],"line":21},"4":{"loc":{"start":{"line":28,"column":1},"end":{"line":28,"column":null}},"type":"if","locations":[{"start":{"line":28,"column":1},"end":{"line":28,"column":null}},{"start":{},"end":{}}],"line":28},"5":{"loc":{"start":{"line":31,"column":1},"end":{"line":31,"column":null}},"type":"if","locations":[{"start":{"line":31,"column":1},"end":{"line":31,"column":null}},{"start":{},"end":{}}],"line":31},"6":{"loc":{"start":{"line":38,"column":15},"end":{"line":38,"column":null}},"type":"binary-expr","locations":[{"start":{"line":38,"column":15},"end":{"line":38,"column":28}},{"start":{"line":38,"column":28},"end":{"line":38,"column":null}}],"line":38},"7":{"loc":{"start":{"line":52,"column":1},"end":{"line":52,"column":null}},"type":"if","locations":[{"start":{"line":52,"column":1},"end":{"line":52,"column":null}},{"start":{},"end":{}}],"line":52},"8":{"loc":{"start":{"line":61,"column":1},"end":{"line":61,"column":null}},"type":"if","locations":[{"start":{"line":61,"column":1},"end":{"line":61,"column":null}},{"start":{},"end":{}}],"line":61}},"s":{"0":1,"1":4,"2":2,"3":2,"4":4,"5":2,"6":2,"7":2,"8":2,"9":1,"10":2,"11":10,"12":5,"13":2,"14":3,"15":3,"16":3,"17":1,"18":2,"19":2,"20":2,"21":2,"22":2,"23":2,"24":6,"25":3,"26":2,"27":1,"28":1,"29":3,"30":1,"31":1,"32":1,"33":0,"34":1,"35":1,"36":3},"f":{"0":4,"1":4,"2":10,"3":5,"4":2,"5":6,"6":3,"7":3,"8":1,"9":3},"b":{"0":[2,2],"1":[1,1],"2":[2,2],"3":[1,1],"4":[2,3],"5":[1,2],"6":[2,0],"7":[2,1],"8":[0,1]},"meta":{"lastBranch":9,"lastFunction":10,"lastStatement":37,"seen":{"s:9:19:9:Infinity":0,"f:12:16:12:30":0,"b:13:1:13:Infinity:undefined:undefined:undefined:undefined":0,"s:13:1:13:Infinity":1,"s:13:18:13:Infinity":2,"s:14:1:14:Infinity":3,"b:14:24:14:46:14:46:14:Infinity":1,"f:18:16:18:30":1,"b:19:1:19:Infinity:undefined:undefined:undefined:undefined":2,"s:19:1:19:Infinity":4,"s:19:22:19:Infinity":5,"s:20:16:20:Infinity":6,"b:21:1:22:Infinity:22:6:22:Infinity":3,"s:21:1:22:Infinity":7,"s:21:21:21:Infinity":8,"s:22:6:22:Infinity":9,"s:23:1:23:Infinity":10,"f:23:15:23:23":2,"s:23:29:23:51":11,"f:27:16:27:30":3,"b:28:1:28:Infinity:undefined:undefined:undefined:undefined":4,"s:28:1:28:Infinity":12,"s:28:24:28:Infinity":13,"s:29:15:29:Infinity":14,"s:30:14:30:Infinity":15,"b:31:1:31:Infinity:undefined:undefined:undefined:undefined":5,"s:31:1:31:Infinity":16,"s:31:18:31:Infinity":17,"s:32:1:32:Infinity":18,"f:35:9:35:21":4,"s:36:13:36:Infinity":19,"s:37:13:37:Infinity":20,"s:38:15:38:Infinity":21,"b:38:15:38:28:38:28:38:Infinity":6,"s:39:13:39:Infinity":22,"s:40:1:43:Infinity":23,"f:40:15:40:20":5,"s:40:30:43:3":24,"f:51:16:51:30":6,"b:52:1:52:Infinity:undefined:undefined:undefined:undefined":7,"s:52:1:52:Infinity":25,"s:52:24:52:Infinity":26,"s:53:13:53:Infinity":27,"s:54:14:54:Infinity":28,"f:54:18:54:23":7,"s:54:29:54:66":29,"s:55:15:55:Infinity":30,"s:56:1:56:Infinity":31,"f:60:16:60:30":8,"b:61:1:61:Infinity:undefined:undefined:undefined:undefined":8,"s:61:1:61:Infinity":32,"s:61:24:61:Infinity":33,"s:62:13:62:Infinity":34,"s:63:1:63:Infinity":35,"f:63:18:63:23":9,"s:63:29:63:66":36},"fnNames":{}}}
[...]
olumn":3},"end":{"line":14,"column":null}},"5":{"start":{"line":15,"column":3},"end":{"line":15,"column":null}},"6":{"start":{"line":17,"column":3},"end":{"line":19,"column":null}},"7":{"start":{"line":23,"column":7},"end":{"line":23,"column":null}},"8":{"start":{"line":24,"column":1},"end":{"line":24,"column":null}},"9":{"start":{"line":25,"column":1},"end":{"line":25,"column":null}},"10":{"start":{"line":28,"column":21},"end":{"line":28,"column":null}},"11":{"start":{"line":29,"column":0},"end":{"line":32,"column":null}},"12":{"start":{"line":30,"column":1},"end":{"line":30,"column":null}},"13":{"start":{"line":31,"column":1},"end":{"line":31,"column":null}},"14":{"start":{"line":34,"column":15},"end":{"line":34,"column":null}},"15":{"start":{"line":36,"column":0},"end":{"line":36,"column":null}},"16":{"start":{"line":37,"column":0},"end":{"line":37,"column":null}},"17":{"start":{"line":38,"column":0},"end":{"line":38,"column":null}},"18":{"start":{"line":39,"column":0},"end":{"line":39,"column":null}},"19":{"start":{"line":41,"column":13},"end":{"line":41,"column":null}},"20":{"start":{"line":43,"column":23},"end":{"line":43,"column":null}},"21":{"start":{"line":44,"column":0},"end":{"line":48,"column":null}},"22":{"start":{"line":45,"column":1},"end":{"line":45,"column":null}},"23":{"start":{"line":47,"column":1},"end":{"line":47,"column":null}}},"fnMap":{"0":{"name":"resolveDbPath","decl":{"start":{"line":8,"column":9},"end":{"line":8,"column":33}},"loc":{"start":{"line":8,"column":33},"end":{"line":26,"column":null}},"line":8}},"branchMap":{"0":{"loc":{"start":{"line":11,"column":1},"end":{"line":21,"column":null}},"type":"if","locations":[{"start":{"line":11,"column":1},"end":{"line":21,"column":null}},{"start":{},"end":{}}],"line":11},"1":{"loc":{"start":{"line":29,"column":0},"end":{"line":32,"column":null}},"type":"if","locations":[{"start":{"line":29,"column":0},"end":{"line":32,"column":null}},{"start":{},"end":{}}],"line":29},"2":{"loc":{"start":{"line":44,"column":0},"end":{"line":48,"column":null}},"type":"if","locations":[{"start":{"line":44,"column":0},"end":{"line":48,"column":null}},{"start":{"line":46,"column":7},"end":{"line":48,"column":null}}],"line":44}},"s":{"0":11,"1":11,"2":11,"3":11,"4":11,"5":11,"6":0,"7":0,"8":0,"9":0,"10":11,"11":11,"12":11,"13":11,"14":11,"15":11,"16":11,"17":11,"18":11,"19":11,"20":11,"21":11,"22":11,"23":0},"f":{"0":11},"b":{"0":[11,0],"1":[11,0],"2":[11,0]},"meta":{"lastBranch":3,"lastFunction":1,"lastStatement":24,"seen":{"f:8:9:8:33":0,"s:9:17:9:Infinity":0,"b:11:1:21:Infinity:undefined:undefined:undefined:undefined":0,"s:11:1:21:Infinity":1,"s:12:8:12:Infinity":2,"s:13:2:20:Infinity":3,"s:14:3:14:Infinity":4,"s:15:3:15:Infinity":5,"s:17:3:19:Infinity":6,"s:23:7:23:Infinity":7,"s:24:1:24:Infinity":8,"s:25:1:25:Infinity":9,"s:28:21:28:Infinity":10,"b:29:0:32:Infinity:undefined:undefined:undefined:undefined":1,"s:29:0:32:Infinity":11,"s:30:1:30:Infinity":12,"s:31:1:31:Infinity":13,"s:34:15:34:Infinity":14,"s:36:0:36:Infinity":15,"s:37:0:37:Infinity":16,"s:38:0:38:Infinity":17,"s:39:0:39:Infinity":18,"s:41:13:41:Infinity":19,"s:43:23:43:Infinity":20,"b:44:0:48:Infinity:46:7:48:Infinity":2,"s:44:0:48:Infinity":21,"s:45:1:45:Infinity":22,"s:47:1:47:Infinity":23},"fnNames":{}}}
,"/Users/nic/Downloads/nestarr-temp/EinVault/src/lib/server/db/schema.ts": {"path":"/Users/nic/Downloads/nestarr-temp/EinVault/src/lib/server/db/schema.ts","statementMap":{"0":{"start":{"line":6,"column":13},"end":{"line":59,"column":null}},"1":{"start":{"line":54,"column":8},"end":{"line":58,"column":null}},"2":{"start":{"line":61,"column":13},"end":{"line":68,"column":null}},"3":{"start":{"line":67,"column":48},"end":{"line":67,"column":58}},"4":{"start":{"line":70,"column":13},"end":{"line":84,"column":null}},"5":{"start":{"line":76,"column":21},"end":{"line":76,"column":31}},"6":{"start":{"line":83,"column":8},"end":{"line":83,"column":null}},"7":{"start":{"line":86,"column":13},"end":{"line":101,"column":null}},"8":{"start":{"line":94,"column":21},"end":{"line":94,"column":31}},"9":{"start":{"line":100,"column":8},"end":{"line":100,"column":null}},"10":{"start":{"line":112,"column":13},"end":{"line":140,"column":null}},"11":{"start":{"line":122,"column":21},"end":{"line":122,"column":31}},"12":{"start":{"line":139,"column":8},"end":{"line":139,"column":null}},"13":{"start":{"line":144,"column":13},"end":{"line":189,"column":null}},"14":{"start":{"line":185,"column":8},"end":{"line":188,"column":null}},"15":{"start":{"line":193,"column":13},"end":{"line":215,"column":null}},"16":{"start":{"line":199,"column":21},"end":{"line":199,"column":36}},"17":{"start":{"line":209,"column":47},"end":{"line":209,"column":57}},"18":{"start":{"line":210,"column":49},"end":{"line":210,"column":59}},"19":{"start":{"line":212,"column":9},"end":{"line":214,"column":null}},"20":{"start":{"line":217,"column":13},"end":{"line":263,"column":null}},"21":{"start":{"line":223,"column":21},"end":{"line":223,"column":40}},"22":{"start":{"line":256,"column":47},"end":{"line":256,"column":57}},"23":{"start":{"line":258,"column":9},"end":{"line":262,"column":null}},"24":{"start":{"line":267,"column":13},"end":{"line":291,"column":null}},"25":{"start":{"line":273,"column":21},"end":{"line":273,"column":36}},"26":{"start":{"line":285,"column":47},"end":{"line":285,"column":57}},"27":{"start":{"line":287,"column":9},"end":{"line":290,"column":null}},"28":{"start":{"line":295,"column":13},"end":{"line":335,"column":null}},"29":{"start":{"line":301,"column":21},"end":{"line":301,"column":36}},"30":{"start":{"line":305,"column":58},"end":{"line":305,"column":75}},"31":{"start":{"line":329,"column":51},"end":{"line":329,"column":61}},"32":{"start":{"line":331,"column":9},"end":{"line":334,"column":null}},"33":{"start":{"line":337,"column":13},"end":{"line":356,"column":null}},"34":{"start":{"line":343,"column":21},"end":{"line":343,"column":36}},"35":{"start":{"line":351,"column":47},"end":{"line":351,"column":57}},"36":{"start":{"line":353,"column":9},"end":{"line":355,"column":null}},"37":{"start":{"line":360,"column":13},"end":{"line":384,"column":null}},"38":{"start":{"line":366,"column":21},"end":{"line":366,"column":36}},"39":{"start":{"line":376,"column":47},"end":{"line":376,"column":57}},"40":{"start":{"line":379,"column":9},"end":{"line":383,"column":null}},"41":{"start":{"line":388,"column":13},"end":{"line":421,"column":null}},"42":{"start":{"line":394,"column":21},"end":{"line":394,"column":36}},"43":{"start":{"line":410,"column":53},"end":{"line":410,"column":63}},"44":{"start":{"line":414,"column":47},"end":{"line":414,"column":57}},"45":{"start":{"line":416,"column":9},"end":{"line":420,"column":null}},"46":{"start":{"line":441,"column":13},"end":{"line":443,"column":null}},"47":{"start":{"line":441,"column":67},"end":{"line":443,"column":2}},"48":{"start":{"line":445,"column":13},"end":{"line":447,"column":null}},"49":{"start":{"line":445,"column":89},"end":{"line":447,"column":2}},"50":{"start":{"line":449,"column":13},"end":{"line":451,"column":null}},"51":{"start":{"line":449,"column":87},"end":{"line":451,"column":2}},"52":{"start":{"line":453,"column":13},"end":{"line":465,"column":null}},"53":{"start":{"line":453,"column":62},"end":{"line":465,"column":2}},"54":{"start":{"line":467,"column":13},"end":{"line":479,"column":null}},"55":{"start":{"line":467,"column":85},"end":{"line":479,"column":2}},"56":{"start":{"line":481,"column":13},"end":{"line":487,"column":null}},"57":{"start":{"line":481,"column":77},"end":{"line":487,"column":2}},"58":{"start":{"line":489,"column":13},"end":{"line":491,"column":null}},"59":{"start":{"line":489,"column":73},"end":{"line":491,"column":2}},"60":{"start":{"line":493,"column":13},"end":{"line":496,"column":null}},"61":{"start":{"line":493,"column":81},"end":{"line":496,"column":2}},"62":{"start":{"line":498,"column":13},"end":{"line":505,"column":null}},"63":{"start":{"line":498,"column":69},"end":{"line":505,"column":2}},"64":{"start":{"line":507,"column":13},"end":{"line":509,"column":null}},"65":{"start":{"line":507,"column":77},"end":{"line":509,"column":2}},"66":{"start":{"line":511,"column":13},"end":{"line":522,"column":null}},"67":{"start":{"line":511,"column":69},"end":{"line":522,"column":2}}},"fnMap":{"0":{"name":"(anonymous_0)","decl":{"start":{"line":53,"column":1},"end":{"line":53,"column":null}},"loc":{"start":{"line":54,"column":8},"end":{"line":58,"column":null}},"line":54},"1":{"name":"(anonymous_1)","decl":{"start":{"line":67,"column":31},"end":{"line":67,"column":48}},"loc":{"start":{"line":67,"column":48},"end":{"line":67,"column":58}},"line":67},"2":{"name":"(anonymous_2)","decl":{"start":{"line":76,"column":4},"end":{"line":76,"column":21}},"loc":{"start":{"line":76,"column":21},"end":{"line":76,"column":31}},"line":76},"3":{"name":"(anonymous_3)","decl":{"start":{"line":82,"column":1},"end":{"line":82,"column":null}},"loc":{"start":{"line":83,"column":8},"end":{"line":83,"column":null}},"line":83},"4":{"name":"(anonymous_4)","decl":{"start":{"line":94,"column":4},"end":{"line":94,"column":21}},"loc":{"start":{"line":94,"column":21},"end":{"line":94,"column":31}},"line":94},"5":{"name":"(anonymous_5)","decl":{"start":{"line":99,"column":1},"end":{"line":99,"column":null}},"loc":{"start":{"line":100,"column":8},"end":{"line":100,"column":null}},"line":100},"6":{"name":"(anonymous_6)","decl":{"start":{"line":122,"column":4},"end":{"line":122,"column":21}},"loc":{"start":{"line":122,"column":21},"end":{"line":122,"column":31}},"line":122},"7":{"name":"(anonymous_7)","decl":{"start":{"line":138,"column":1},"end":{"line":138,"column":null}},"loc":{"start":{"line":139,"column":8},"end":{"line":139,"column":null}},"line":139},"8":{"name":"(anonymous_8)","decl":{"start":{"line":184,"column":1},"end":{"line":184,"column":null}},"loc":{"start":{"line":185,"column":8},"end":{"line":188,"column":null}},"line":185},"9":{"name":"(anonymous_9)","decl":{"start":{"line":199,"column":4},"end":{"line":199,"column":21}},"loc":{"start":{"line":199,"column":21},"end":{"line":199,"column":36}},"line":199},"10":{"name":"(anonymous_10)","decl":{"start":{"line":209,"column":30},"end":{"line":209,"column":47}},"loc":{"start":{"line":209,"column":47},"end":{"line":209,"column":57}},"line":209},"11":{"name":"(anonymous_11)","decl":{"start":{"line":210,"column":32},"end":{"line":210,"column":49}},"loc":{"start":{"line":210,"column":49},"end":{"line":210,"column":59}},"line":210},"12":{"name":"(anonymous_12)","decl":{"start":{"line":211,"column":1},"end":{"line":211,"column":null}},"loc":{"start":{"line":212,"column":9},"end":{"line":214,"column":null}},"line":212},"13":{"name":"(anonymous_13)","decl":{"start":{"line":223,"column":4},"end":{"line":223,"column":21}},"loc":{"start":{"line":223,"column":21},"end":{"line":223,"column":40}},"line":223},"14":{"name":"(anonymous_14)","decl":{"start":{"line":256,"column":30},"end":{"line":256,"column":47}},"loc":{"start":{"line":256,"column":47},"end":{"line":256,"column":57}},"line":256},"15":{"name":"(anonymous_15)","decl":{"start":{"line":257,"column":1},"end":{"line":257,"column":null}},"loc":{"start":{"line":258,"column":9},"end":{"line":262,"column":null}},"line":258},"16":{"name":"(anonymous_16)","decl":{"start":{"line":273,"column":4},"end":{"line":273,"column":21}},"loc":{"start":{"line":273,"column":21},"end":{"line":273,"column":36}},"line":273},"17":{"name":"(anonymous_17)","decl":{"start":{"line":285,"column":30},"end":{"line":285,"column":47}},"loc":{"start":{"line":285,"column":47},"end":{"line":285,"column":57}},"line":285},"18":{"name":"(anonymous_18)","decl":{"start":{"line":286,"column":1},"end":{"line":286,"column":null}},"loc":{"start":{"line":287,"column":9},"end":{"line":290,"column":null}},"line":287},"19":{"name":"(anonymous_19)","decl":{"start":{"line":301,"column":4},"end":{"line":301,"column":21}},"loc":{"start":{"line":301,"column":21},"end":{"line":301,"column":36}},"line":301},"20":{"name":"(anonymous_20)","decl":{"start":{"line":305,"column":41},"end":{"line":305,"column":58}},"loc":{"start":{"line":305,"column":58},"end":{"line":305,"column":75}},"line":305},"21":{"name":"(anonymous_21)","decl":{"start":{"line":329,"column":34},"end":{"line":329,"column":51}},"loc":{"start":{"line":329,"column":51},"end":{"line":329,"column":61}},"line":329},"22":{"name":"(anonymous_22)","decl":{"start":{"line":330,"column":1},"end":{"line":330,"column":null}},"loc":{"start":{"line":331,"column":9},"end":{"line":334,"column":null}},"line":331},"23":{"name":"(anonymous_23)","decl":{"start":{"line":343,"column":4},"end":{"line":343,"column":21}},"loc":{"start":{"line":343,"column":21},"end":{"line":343,"column":36}},"line":343},"24":{"name":"(anonymous_24)","decl":{"start":{"line":351,"column":30},"end":{"line":351,"column":47}},"loc":{"start":{"line":351,"column":47},"end":{"line":351,"column":57}},"line":351},"25":{"name":"(anonymous_25)","decl":{"start":{"line":352,"column":1},"end":{"line":352,"column":null}},"loc":{"start":{"line":353,"column":9},"end":{"line":355,"column":null}},"line":353},"26":{"name":"(anonymous_26)","decl":{"start":{"line":366,"column":4},"end":{"line":366,"column":21}},"loc":{"start":{"line":366,"column":21},"end":{"line":366,"column":36}},"line":366},"27":{"name":"(anonymous_27)","decl":{"start":{"line":376,"column":30},"end":{"line":376,"column":47}},"loc":{"start":{"line":376,"column":47},"end":{"line":376,"column":57}},"line":376},"28":{"name":"(anonymous_28)","decl":{"start":{"line":378,"column":1},"end":{"line":378,"column":null}},"loc":{"start":{"line":379,"column":9},"end":{"line":383,"column":null}},"line":379},"29":{"name":"(anonymous_29)","decl":{"start":{"line":394,"column":4},"end":{"line":394,"column":21}},"loc":{"start":{"line":394,"column":21},"end":{"line":394,"column":36}},"line":394},"30":{"name":"(anonymous_30)","decl":{"start":{"line":410,"column":36},"end":{"line":410,"column":53}},"loc":{"start":{"line":410,"column":53},"end":{"line":410,"column":63}},"line":410},"31":{"name":"(anonymous_31)","decl":{"start":{"line":414,"column":30},"end":{"line":414,"column":47}},"loc":{"start":{"line":414,"column":47},"end":{"line":414,"column":57}},"line":414},"32":{"name":"(anonymous_32)","decl":{"start":{"line":415,"column":1},"end":{"line":415,"column":null}},"loc":{"start":{"line":416,"column":9},"end":{"line":420,"column":null}},"line":416},"33":{"name":"(anonymous_33)","decl":{"start":{"line":441,"column":43},"end":{"line":441,"column":54}},"loc":{"start":{"line":441,"column":67},"end":{"line":443,"column":2}},"line":441},"34":{"name":"(anonymous_34)","decl":{"start":{"line":445,"column":54},"end":{"line":445,"column":76}},"loc":{"start":{"line":445,"column":89},"end":{"line":447,"column":2}},"line":445},"35":{"name":"(anonymous_35)","decl":{"start":{"line":449,"column":53},"end":{"line":449,"column":74}},"loc":{"start":{"line":449,"column":87},"end":{"line":451,"column":2}},"line":449},"36":{"name":"(anonymous_36)","decl":{"start":{"line":453,"column":40},"end":{"line":453,"column":48}},"loc":{"start":{"line":453,"column":62},"end":{"line":465,"column":2}},"line":453},"37":{"name":"(anonymous_37)","decl":{"start":{"line":467,"column":49},"end":{"line":467,"column":66}},"loc":{"start":{"line":467,"column":85},"end":{"line":479,"column":2}},"line":467},"38":{"name":"(anonymous_38)","decl":{"start":{"line":481,"column":48},"end":{"line":481,"column":64}},"loc":{"start":{"line":481,"column":77},"end":{"line":487,"column":2}},"line":481},"39":{"name":"(anonymous_39)","decl":{"start":{"line":489,"column":46},"end":{"line":489,"column":60}},"loc":{"start":{"line":489,"column":73},"end":{"line":491,"column":2}},"line":489},"40":{"name":"(anonymous_40)","decl":{"start":{"line":493,"column":47},"end":{"line":493,"column":62}},"loc":{"start":{"line":493,"column":81},"end":{"line":496,"column":2}},"line":493},"41":{"name":"(anonymous_41)","decl":{"start":{"line":498,"column":44},"end":{"line":498,"column":56}},"loc":{"start":{"line":498,"column":69},"end":{"line":505,"column":2}},"line":498},"42":{"name":"(anonymous_42)","decl":{"start":{"line":507,"column":48},"end":{"line":507,"column":64}},"loc":{"start":{"line":507,"column":77},"end":{"line":509,"column":2}},"line":507},"43":{"name":"(anonymous_43)","decl":{"start":{"line":511,"column":44},"end":{"line":511,"column":56}},"loc":{"start":{"line":511,"column":69},"end":{"line":522,"column":2}},"line":511}},"branchMap":{},"s":{"0":12,"1":11,"2":12,"3":0,"4":12,"5":0,"6":11,"7":12,"8":0,"9":11,"10":12,"11":0,"12":11,"13":12,"14":11,"15":12,"16":0,"17":0,"18":0,"19":11,"20":12,"21":0,"22":0,"23":11,"24":12,"25":0,"26":0,"27":11,"28":12,"29":0,"30":0,"31":0,"32":11,"33":12,"34":0,"35":0,"36":11,"37":12,"38":0,"39":0,"40":11,"41":12,"42":0,"43":0,"44":0,"45":11,"46":12,"47":11,"48":12,"49":11,"50":12,"51":11,"52":12,"53":11,"54":12,"55":11,"56":12,"57":11,"58":12,"59":11,"60":12,"61":11,"62":12,"63":11,"64":12,"65":11,"66":12,"67":11},"f":{"0":11,"1":0,"2":0,"3":11,"4":0,"5":11,"6":0,"7":11,"8":11,"9":0,"10":0,"11":0,"12":11,"13":0,"14":0,"15":11,"16":0,"17":0,"18":11,"19":0,"20":0,"21":0,"22":11,"23":0,"24":0,"25":11,"26":0,"27":0,"28":11,"29":0,"30":0,"31":0,"32":11,"33":11,"34":11,"35":11,"36":11,"37":11,"38":11,"39":11,"40":11,"41":11,"42":11,"43":11},"b":{},"meta":{"lastBranch":0,"lastFunction":44,"lastStatement":68,"seen":{"s:6:13:59:Infinity":0,"f:53:1:53:Infinity":0,"s:54:8:58:Infinity":1,"s:61:13:68:Infinity":2,"f:67:31:67:48":1,"s:67:48:67:58":3,"s:70:13:84:Infinity":4,"f:76:4:76:21":2,"s:76:21:76:31":5,"f:82:1:82:Infinity":3,"s:83:8:83:Infinity":6,"s:86:13:101:Infinity":7,"f:94:4:94:21":4,"s:94:21:94:31":8,"f:99:1:99:Infinity":5,"s:100:8:100:Infinity":9,"s:112:13:140:Infinity":10,"f:122:4:122:21":6,"s:122:21:122:31":11,"f:138:1:138:Infinity":7,"s:139:8:139:Infinity":12,"s:144:13:189:Infinity":13,"f:184:1:184:Infinity":8,"s:185:8:188:Infinity":14,"s:193:13:215:Infinity":15,"f:199:4:199:21":9,"s:199:21:199:36":16,"f:209:30:209:47":10,"s:209:47:209:57":17,"f:210:32:210:49":11,"s:210:49:210:59":18,"f:211:1:211:Infinity":12,"s:212:9:214:Infinity":19,"s:217:13:263:Infinity":20,"f:223:4:223:21":13,"s:223:21:223:40":21,"f:256:30:256:47":14,"s:256:47:256:57":22,"f:257:1:257:Infinity":15,"s:258:9:262:Infinity":23,"s:267:13:291:Infinity":24,"f:273:4:273:21":16,"s:273:21:273:36":25,"f:285:30:285:47":17,"s:285:47:285:57":26,"f:286:1:286:Infinity":18,"s:287:9:290:Infinity":27,"s:295:13:335:Infinity":28,"f:301:4:301:21":19,"s:301:21:301:36":29,"f:305:41:305:58":20,"s:305:58:305:75":30,"f:329:34:329:51":21,"s:329:51:329:61":31,"f:330:1:330:Infinity":22,"s:331:9:334:Infinity":32,"s:337:13:356:Infinity":33,"f:343:4:343:21":23,"s:343:21:343:36":34,"f:351:30:351:47":24,"s:351:47:351:57":35,"f:352:1:352:Infinity":25,"s:353:9:355:Infinity":36,"s:360:13:384:Infinity":37,"f:366:4:366:21":26,"s:366:21:366:36":38,"f:376:30:376:47":27,"s:376:47:376:57":39,"f:378:1:378:Infinity":28,"s:379:9:383:Infinity":40,"s:388:13:421:Infinity":41,"f:394:4:394:21":29,"s:394:21:394:36":42,"f:410:36:410:53":30,"s:410:53:410:63":43,"f:414:30:414:47":31,"s:414:47:414:57":44,"f:415:1:415:Infinity":32,"s:416:9:420:Infinity":45,"s:441:13:443:Infinity":46,"f:441:43:441:54":33,"s:441:67:443:2":47,"s:445:13:447:Infinity":48,"f:445:54:445:76":34,"s:445:89:447:2":49,"s:449:13:451:Infinity":50,"f:449:53:449:74":35,"s:449:87:451:2":51,"s:453:13:465:Infinity":52,"f:453:40:453:48":36,"s:453:62:465:2":53,"s:467:13:479:Infinity":54,"f:467:49:467:66":37,"s:467:85:479:2":55,"s:481:13:487:Infinity":56,"f:481:48:481:64":38,"s:481:77:487:2":57,"s:489:13:491:Infinity":58,"f:489:46:489:60":39,"s:489:73:491:2":59,"s:493:13:496:Infinity":60,"f:493:47:493:62":40,"s:493:81:496:2":61,"s:498:13:505:Infinity":62,"f:498:44:498:56":41,"s:498:69:505:2":63,"s:507:13:509:Infinity":64,"f:507:48:507:64":42,"s:507:77:509:2":65,"s:511:13:522:Infinity":66,"f:511:44:511:56":43,"s:511:69:522:2":67},"fnNames":{}}}
}
